{"numFailedTestSuites":0,"numFailedTests":0,"numPassedTestSuites":5,"numPassedTests":40,"numPendingTestSuites":0,"numPendingTests":0,"numRuntimeErrorTestSuites":0,"numTodoTests":0,"numTotalTestSuites":5,"numTotalTests":40,"openHandles":[],"snapshot":{"added":0,"didUpdate":false,"failure":false,"filesAdded":0,"filesRemoved":0,"filesRemovedList":[],"filesUnmatched":0,"filesUpdated":0,"matched":0,"total":0,"unchecked":0,"uncheckedKeysByFile":[],"unmatched":0,"updated":0},"startTime":1781879806158,"success":true,"testResults":[{"assertionResults":[{"ancestorTitles":["Doctors CRUD API Endpoints"],"duration":126,"failing":false,"failureDetails":[],"failureMessages":[],"fullName":"Doctors CRUD API Endpoints should block unauthorized access","invocations":1,"location":null,"numPassingAsserts":1,"retryReasons":[],"startAt":1781879808968,"status":"passed","title":"should block unauthorized access"},{"ancestorTitles":["Doctors CRUD API Endpoints"],"duration":75,"failing":false,"failureDetails":[],"failureMessages":[],"fullName":"Doctors CRUD API Endpoints should create a new doctor when authenticated as admin/staff","invocations":1,"location":null,"numPassingAsserts":3,"retryReasons":[],"startAt":1781879809099,"status":"passed","title":"should create a new doctor when authenticated as admin/staff"},{"ancestorTitles":["Doctors CRUD API Endpoints"],"duration":39,"failing":false,"failureDetails":[],"failureMessages":[],"fullName":"Doctors CRUD API Endpoints should reject doctor creation on validation failure","invocations":1,"location":null,"numPassingAsserts":1,"retryReasons":[],"startAt":1781879809176,"status":"passed","title":"should reject doctor creation on validation failure"},{"ancestorTitles":["Doctors CRUD API Endpoints"],"duration":25,"failing":false,"failureDetails":[],"failureMessages":[],"fullName":"Doctors CRUD API Endpoints should get all doctors with pagination","invocations":1,"location":null,"numPassingAsserts":4,"retryReasons":[],"startAt":1781879809219,"status":"passed","title":"should get all doctors with pagination"},{"ancestorTitles":["Doctors CRUD API Endpoints"],"duration":26,"failing":false,"failureDetails":[],"failureMessages":[],"fullName":"Doctors CRUD API Endpoints should search doctors by specialization","invocations":1,"location":null,"numPassingAsserts":2,"retryReasons":[],"startAt":1781879809246,"status":"passed","title":"should search doctors by specialization"},{"ancestorTitles":["Doctors CRUD API Endpoints"],"duration":24,"failing":false,"failureDetails":[],"failureMessages":[],"fullName":"Doctors CRUD API Endpoints should get doctor by ID","invocations":1,"location":null,"numPassingAsserts":2,"retryReasons":[],"startAt":1781879809275,"status":"passed","title":"should get doctor by ID"},{"ancestorTitles":["Doctors CRUD API Endpoints"],"duration":19,"failing":false,"failureDetails":[],"failureMessages":[],"fullName":"Doctors CRUD API Endpoints should update doctor details successfully","invocations":1,"location":null,"numPassingAsserts":2,"retryReasons":[],"startAt":1781879809302,"status":"passed","title":"should update doctor details successfully"},{"ancestorTitles":["Doctors CRUD API Endpoints"],"duration":17,"failing":false,"failureDetails":[],"failureMessages":[],"fullName":"Doctors CRUD API Endpoints should delete doctor when user is admin","invocations":1,"location":null,"numPassingAsserts":2,"retryReasons":[],"startAt":1781879809325,"status":"passed","title":"should delete doctor when user is admin"}],"endTime":1781879809348,"message":"","name":"D:\\7thsem\\sre\\ClinicManagement_Reengineered\\backend\\test\\doctors.test.js","startTime":1781879806337,"status":"passed","summary":""},{"assertionResults":[{"ancestorTitles":["Patients CRUD API Endpoints"],"duration":90,"failing":false,"failureDetails":[],"failureMessages":[],"fullName":"Patients CRUD API Endpoints should block unauthorized access","invocations":1,"location":null,"numPassingAsserts":1,"retryReasons":[],"startAt":1781879810417,"status":"passed","title":"should block unauthorized access"},{"ancestorTitles":["Patients CRUD API Endpoints"],"duration":138,"failing":false,"failureDetails":[],"failureMessages":[],"fullName":"Patients CRUD API Endpoints should create a new patient when authenticated","invocations":1,"location":null,"numPassingAsserts":3,"retryReasons":[],"startAt":1781879810530,"status":"passed","title":"should create a new patient when authenticated"},{"ancestorTitles":["Patients CRUD API Endpoints"],"duration":27,"failing":false,"failureDetails":[],"failureMessages":[],"fullName":"Patients CRUD API Endpoints should reject patient creation when the model validation fails","invocations":1,"location":null,"numPassingAsserts":1,"retryReasons":[],"startAt":1781879810672,"status":"passed","title":"should reject patient creation when the model validation fails"},{"ancestorTitles":["Patients CRUD API Endpoints"],"duration":34,"failing":false,"failureDetails":[],"failureMessages":[],"fullName":"Patients CRUD API Endpoints should get all patients with pagination","invocations":1,"location":null,"numPassingAsserts":4,"retryReasons":[],"startAt":1781879810710,"status":"passed","title":"should get all patients with pagination"},{"ancestorTitles":["Patients CRUD API Endpoints"],"duration":28,"failing":false,"failureDetails":[],"failureMessages":[],"fullName":"Patients CRUD API Endpoints should search patients by name","invocations":1,"location":null,"numPassingAsserts":2,"retryReasons":[],"startAt":1781879810759,"status":"passed","title":"should search patients by name"},{"ancestorTitles":["Patients CRUD API Endpoints"],"duration":18,"failing":false,"failureDetails":[],"failureMessages":[],"fullName":"Patients CRUD API Endpoints should get patient by ID","invocations":1,"location":null,"numPassingAsserts":2,"retryReasons":[],"startAt":1781879810788,"status":"passed","title":"should get patient by ID"},{"ancestorTitles":["Patients CRUD API Endpoints"],"duration":15,"failing":false,"failureDetails":[],"failureMessages":[],"fullName":"Patients CRUD API Endpoints should update patient demographics successfully","invocations":1,"location":null,"numPassingAsserts":2,"retryReasons":[],"startAt":1781879810808,"status":"passed","title":"should update patient demographics successfully"},{"ancestorTitles":["Patients CRUD API Endpoints"],"duration":15,"failing":false,"failureDetails":[],"failureMessages":[],"fullName":"Patients CRUD API Endpoints should delete patient when user is admin","invocations":1,"location":null,"numPassingAsserts":2,"retryReasons":[],"startAt":1781879810824,"status":"passed","title":"should delete patient when user is admin"}],"endTime":1781879810843,"message":"","name":"D:\\7thsem\\sre\\ClinicManagement_Reengineered\\backend\\test\\patients.test.js","startTime":1781879809465,"status":"passed","summary":""},{"assertionResults":[{"ancestorTitles":["Prescriptions CRUD API Endpoints"],"duration":12,"failing":false,"failureDetails":[],"failureMessages":[],"fullName":"Prescriptions CRUD API Endpoints should block unauthorized access","invocations":1,"location":null,"numPassingAsserts":1,"retryReasons":[],"startAt":1781879811611,"status":"passed","title":"should block unauthorized access"},{"ancestorTitles":["Prescriptions CRUD API Endpoints"],"duration":15,"failing":false,"failureDetails":[],"failureMessages":[],"fullName":"Prescriptions CRUD API Endpoints should get all prescriptions with pagination","invocations":1,"location":null,"numPassingAsserts":3,"retryReasons":[],"startAt":1781879811625,"status":"passed","title":"should get all prescriptions with pagination"},{"ancestorTitles":["Prescriptions CRUD API Endpoints"],"duration":18,"failing":false,"failureDetails":[],"failureMessages":[],"fullName":"Prescriptions CRUD API Endpoints should get prescription by ID","invocations":1,"location":null,"numPassingAsserts":2,"retryReasons":[],"startAt":1781879811642,"status":"passed","title":"should get prescription by ID"},{"ancestorTitles":["Prescriptions CRUD API Endpoints"],"duration":35,"failing":false,"failureDetails":[],"failureMessages":[],"fullName":"Prescriptions CRUD API Endpoints should add a new prescription successfully when authorized","invocations":1,"location":null,"numPassingAsserts":3,"retryReasons":[],"startAt":1781879811663,"status":"passed","title":"should add a new prescription successfully when authorized"},{"ancestorTitles":["Prescriptions CRUD API Endpoints"],"duration":35,"failing":false,"failureDetails":[],"failureMessages":[],"fullName":"Prescriptions CRUD API Endpoints should reject prescription addition if patient not found","invocations":1,"location":null,"numPassingAsserts":1,"retryReasons":[],"startAt":1781879811700,"status":"passed","title":"should reject prescription addition if patient not found"},{"ancestorTitles":["Prescriptions CRUD API Endpoints"],"duration":15,"failing":false,"failureDetails":[],"failureMessages":[],"fullName":"Prescriptions CRUD API Endpoints should update prescription details successfully","invocations":1,"location":null,"numPassingAsserts":2,"retryReasons":[],"startAt":1781879811738,"status":"passed","title":"should update prescription details successfully"},{"ancestorTitles":["Prescriptions CRUD API Endpoints"],"duration":12,"failing":false,"failureDetails":[],"failureMessages":[],"fullName":"Prescriptions CRUD API Endpoints should delete prescription when user is admin","invocations":1,"location":null,"numPassingAsserts":2,"retryReasons":[],"startAt":1781879811754,"status":"passed","title":"should delete prescription when user is admin"},{"ancestorTitles":["Prescriptions CRUD API Endpoints"],"duration":12,"failing":false,"failureDetails":[],"failureMessages":[],"fullName":"Prescriptions CRUD API Endpoints should block non-admin from deleting prescription","invocations":1,"location":null,"numPassingAsserts":1,"retryReasons":[],"startAt":1781879811768,"status":"passed","title":"should block non-admin from deleting prescription"}],"endTime":1781879811784,"message":"","name":"D:\\7thsem\\sre\\ClinicManagement_Reengineered\\backend\\test\\prescriptions.test.js","startTime":1781879810876,"status":"passed","summary":""},{"assertionResults":[{"ancestorTitles":["Appointments CRUD API Endpoints"],"duration":21,"failing":false,"failureDetails":[],"failureMessages":[],"fullName":"Appointments CRUD API Endpoints should block unauthorized access","invocations":1,"location":null,"numPassingAsserts":1,"retryReasons":[],"startAt":1781879812614,"status":"passed","title":"should block unauthorized access"},{"ancestorTitles":["Appointments CRUD API Endpoints"],"duration":28,"failing":false,"failureDetails":[],"failureMessages":[],"fullName":"Appointments CRUD API Endpoints should book a new appointment successfully when authorized","invocations":1,"location":null,"numPassingAsserts":3,"retryReasons":[],"startAt":1781879812637,"status":"passed","title":"should book a new appointment successfully when authorized"},{"ancestorTitles":["Appointments CRUD API Endpoints"],"duration":45,"failing":false,"failureDetails":[],"failureMessages":[],"fullName":"Appointments CRUD API Endpoints should reject booking if patient is not found","invocations":1,"location":null,"numPassingAsserts":2,"retryReasons":[],"startAt":1781879812666,"status":"passed","title":"should reject booking if patient is not found"},{"ancestorTitles":["Appointments CRUD API Endpoints"],"duration":39,"failing":false,"failureDetails":[],"failureMessages":[],"fullName":"Appointments CRUD API Endpoints should reject booking if doctor is not found","invocations":1,"location":null,"numPassingAsserts":2,"retryReasons":[],"startAt":1781879812712,"status":"passed","title":"should reject booking if doctor is not found"},{"ancestorTitles":["Appointments CRUD API Endpoints"],"duration":19,"failing":false,"failureDetails":[],"failureMessages":[],"fullName":"Appointments CRUD API Endpoints should get all appointments with pagination","invocations":1,"location":null,"numPassingAsserts":3,"retryReasons":[],"startAt":1781879812754,"status":"passed","title":"should get all appointments with pagination"},{"ancestorTitles":["Appointments CRUD API Endpoints"],"duration":14,"failing":false,"failureDetails":[],"failureMessages":[],"fullName":"Appointments CRUD API Endpoints should get appointment by ID","invocations":1,"location":null,"numPassingAsserts":2,"retryReasons":[],"startAt":1781879812775,"status":"passed","title":"should get appointment by ID"},{"ancestorTitles":["Appointments CRUD API Endpoints"],"duration":17,"failing":false,"failureDetails":[],"failureMessages":[],"fullName":"Appointments CRUD API Endpoints should update appointment details successfully","invocations":1,"location":null,"numPassingAsserts":2,"retryReasons":[],"startAt":1781879812791,"status":"passed","title":"should update appointment details successfully"},{"ancestorTitles":["Appointments CRUD API Endpoints"],"duration":15,"failing":false,"failureDetails":[],"failureMessages":[],"fullName":"Appointments CRUD API Endpoints should delete appointment when user is admin","invocations":1,"location":null,"numPassingAsserts":2,"retryReasons":[],"startAt":1781879812810,"status":"passed","title":"should delete appointment when user is admin"}],"endTime":1781879812830,"message":"","name":"D:\\7thsem\\sre\\ClinicManagement_Reengineered\\backend\\test\\appointments.test.js","startTime":1781879811812,"status":"passed","summary":""},{"assertionResults":[{"ancestorTitles":["Authentication API Endpoints"],"duration":42,"failing":false,"failureDetails":[],"failureMessages":[],"fullName":"Authentication API Endpoints should register a new user successfully","invocations":1,"location":null,"numPassingAsserts":3,"retryReasons":[],"startAt":1781879813785,"status":"passed","title":"should register a new user successfully"},{"ancestorTitles":["Authentication API Endpoints"],"duration":25,"failing":false,"failureDetails":[],"failureMessages":[],"fullName":"Authentication API Endpoints should reject registration with existing email","invocations":1,"location":null,"numPassingAsserts":2,"retryReasons":[],"startAt":1781879813828,"status":"passed","title":"should reject registration with existing email"},{"ancestorTitles":["Authentication API Endpoints"],"duration":22,"failing":false,"failureDetails":[],"failureMessages":[],"fullName":"Authentication API Endpoints should reject registration when creation fails","invocations":1,"location":null,"numPassingAsserts":1,"retryReasons":[],"startAt":1781879813854,"status":"passed","title":"should reject registration when creation fails"},{"ancestorTitles":["Authentication API Endpoints"],"duration":17,"failing":false,"failureDetails":[],"failureMessages":[],"fullName":"Authentication API Endpoints should reject registration with invalid fields (e.g. missing name)","invocations":1,"location":null,"numPassingAsserts":2,"retryReasons":[],"startAt":1781879813877,"status":"passed","title":"should reject registration with invalid fields (e.g. missing name)"},{"ancestorTitles":["Authentication API Endpoints"],"duration":18,"failing":false,"failureDetails":[],"failureMessages":[],"fullName":"Authentication API Endpoints should login the registered user","invocations":1,"location":null,"numPassingAsserts":2,"retryReasons":[],"startAt":1781879813896,"status":"passed","title":"should login the registered user"},{"ancestorTitles":["Authentication API Endpoints"],"duration":21,"failing":false,"failureDetails":[],"failureMessages":[],"fullName":"Authentication API Endpoints should reject login with wrong password","invocations":1,"location":null,"numPassingAsserts":1,"retryReasons":[],"startAt":1781879813916,"status":"passed","title":"should reject login with wrong password"},{"ancestorTitles":["Authentication API Endpoints"],"duration":16,"failing":false,"failureDetails":[],"failureMessages":[],"fullName":"Authentication API Endpoints should reject login for non-existent user","invocations":1,"location":null,"numPassingAsserts":1,"retryReasons":[],"startAt":1781879813939,"status":"passed","title":"should reject login for non-existent user"},{"ancestorTitles":["Authentication API Endpoints"],"duration":15,"failing":false,"failureDetails":[],"failureMessages":[],"fullName":"Authentication API Endpoints should get current user profile successfully","invocations":1,"location":null,"numPassingAsserts":2,"retryReasons":[],"startAt":1781879813957,"status":"passed","title":"should get current user profile successfully"}],"endTime":1781879813975,"message":"","name":"D:\\7thsem\\sre\\ClinicManagement_Reengineered\\backend\\test\\auth.test.js","startTime":1781879812891,"status":"passed","summary":""}],"wasInterrupted":false}
