{"D:\\7thsem\\sre\\ClinicManagement_Reengineered\\backend\\src\\app.js": {"path":"D:\\7thsem\\sre\\ClinicManagement_Reengineered\\backend\\src\\app.js","statementMap":{"0":{"start":{"line":1,"column":0},"end":{"line":1,"column":27}},"1":{"start":{"line":2,"column":16},"end":{"line":2,"column":34}},"2":{"start":{"line":3,"column":17},"end":{"line":3,"column":36}},"3":{"start":{"line":4,"column":15},"end":{"line":4,"column":32}},"4":{"start":{"line":5,"column":15},"end":{"line":5,"column":32}},"5":{"start":{"line":6,"column":13},"end":{"line":6,"column":28}},"6":{"start":{"line":7,"column":18},"end":{"line":7,"column":47}},"7":{"start":{"line":8,"column":18},"end":{"line":8,"column":47}},"8":{"start":{"line":9,"column":13},"end":{"line":9,"column":30}},"9":{"start":{"line":11,"column":19},"end":{"line":11,"column":43}},"10":{"start":{"line":12,"column":22},"end":{"line":12,"column":50}},"11":{"start":{"line":13,"column":21},"end":{"line":13,"column":48}},"12":{"start":{"line":14,"column":26},"end":{"line":14,"column":58}},"13":{"start":{"line":15,"column":27},"end":{"line":15,"column":60}},"14":{"start":{"line":17,"column":25},"end":{"line":17,"column":62}},"15":{"start":{"line":19,"column":12},"end":{"line":19,"column":21}},"16":{"start":{"line":22,"column":0},"end":{"line":22,"column":18}},"17":{"start":{"line":23,"column":0},"end":{"line":23,"column":60}},"18":{"start":{"line":24,"column":0},"end":{"line":24,"column":24}},"19":{"start":{"line":25,"column":0},"end":{"line":25,"column":23}},"20":{"start":{"line":28,"column":16},"end":{"line":33,"column":2}},"21":{"start":{"line":34,"column":0},"end":{"line":34,"column":17}},"22":{"start":{"line":37,"column":24},"end":{"line":37,"column":51}},"23":{"start":{"line":38,"column":0},"end":{"line":38,"column":72}},"24":{"start":{"line":41,"column":0},"end":{"line":41,"column":33}},"25":{"start":{"line":42,"column":0},"end":{"line":42,"column":40}},"26":{"start":{"line":43,"column":0},"end":{"line":43,"column":38}},"27":{"start":{"line":44,"column":0},"end":{"line":44,"column":48}},"28":{"start":{"line":45,"column":0},"end":{"line":45,"column":50}},"29":{"start":{"line":48,"column":0},"end":{"line":48,"column":22}},"30":{"start":{"line":51,"column":13},"end":{"line":51,"column":37}},"31":{"start":{"line":52,"column":18},"end":{"line":52,"column":39}},"32":{"start":{"line":54,"column":0},"end":{"line":72,"column":1}},"33":{"start":{"line":55,"column":2},"end":{"line":64,"column":7}},"34":{"start":{"line":58,"column":6},"end":{"line":58,"column":39}},"35":{"start":{"line":59,"column":6},"end":{"line":59,"column":76}},"36":{"start":{"line":59,"column":29},"end":{"line":59,"column":74}},"37":{"start":{"line":62,"column":6},"end":{"line":62,"column":57}},"38":{"start":{"line":63,"column":6},"end":{"line":63,"column":22}},"39":{"start":{"line":67,"column":2},"end":{"line":71,"column":7}},"40":{"start":{"line":70,"column":6},"end":{"line":70,"column":70}},"41":{"start":{"line":74,"column":0},"end":{"line":74,"column":21}}},"fnMap":{"0":{"name":"(anonymous_0)","decl":{"start":{"line":57,"column":10},"end":{"line":57,"column":11}},"loc":{"start":{"line":57,"column":16},"end":{"line":60,"column":5}},"line":57},"1":{"name":"(anonymous_1)","decl":{"start":{"line":59,"column":23},"end":{"line":59,"column":24}},"loc":{"start":{"line":59,"column":29},"end":{"line":59,"column":74}},"line":59},"2":{"name":"(anonymous_2)","decl":{"start":{"line":61,"column":11},"end":{"line":61,"column":12}},"loc":{"start":{"line":61,"column":18},"end":{"line":64,"column":5}},"line":61},"3":{"name":"(anonymous_3)","decl":{"start":{"line":69,"column":11},"end":{"line":69,"column":12}},"loc":{"start":{"line":69,"column":18},"end":{"line":71,"column":5}},"line":69}},"branchMap":{"0":{"loc":{"start":{"line":23,"column":23},"end":{"line":23,"column":55}},"type":"binary-expr","locations":[{"start":{"line":23,"column":23},"end":{"line":23,"column":48}},{"start":{"line":23,"column":52},"end":{"line":23,"column":55}}],"line":23},"1":{"loc":{"start":{"line":51,"column":13},"end":{"line":51,"column":37}},"type":"binary-expr","locations":[{"start":{"line":51,"column":13},"end":{"line":51,"column":29}},{"start":{"line":51,"column":33},"end":{"line":51,"column":37}}],"line":51},"2":{"loc":{"start":{"line":54,"column":0},"end":{"line":72,"column":1}},"type":"if","locations":[{"start":{"line":54,"column":0},"end":{"line":72,"column":1}},{"start":{"line":65,"column":7},"end":{"line":72,"column":1}}],"line":54}},"s":{"0":2,"1":2,"2":2,"3":2,"4":2,"5":2,"6":2,"7":2,"8":2,"9":2,"10":2,"11":2,"12":2,"13":2,"14":2,"15":2,"16":2,"17":2,"18":2,"19":2,"20":2,"21":2,"22":2,"23":2,"24":2,"25":2,"26":2,"27":2,"28":2,"29":2,"30":2,"31":2,"32":2,"33":0,"34":0,"35":0,"36":0,"37":0,"38":0,"39":2,"40":0,"41":2},"f":{"0":0,"1":0,"2":0,"3":0},"b":{"0":[2,0],"1":[2,0],"2":[0,2]},"_coverageSchema":"1a1c01bbd47fc00a2c39e90264f33305004495a9","hash":"ab43c986746b12cb667516b9aec557a60db79d0f"}
,"D:\\7thsem\\sre\\ClinicManagement_Reengineered\\backend\\src\\controllers\\appointmentController.js": {"path":"D:\\7thsem\\sre\\ClinicManagement_Reengineered\\backend\\src\\controllers\\appointmentController.js","statementMap":{"0":{"start":{"line":1,"column":20},"end":{"line":1,"column":52}},"1":{"start":{"line":2,"column":16},"end":{"line":2,"column":44}},"2":{"start":{"line":3,"column":15},"end":{"line":3,"column":42}},"3":{"start":{"line":4,"column":22},"end":{"line":4,"column":53}},"4":{"start":{"line":9,"column":24},"end":{"line":75,"column":1}},"5":{"start":{"line":10,"column":2},"end":{"line":74,"column":3}},"6":{"start":{"line":11,"column":17},"end":{"line":11,"column":50}},"7":{"start":{"line":12,"column":18},"end":{"line":12,"column":53}},"8":{"start":{"line":13,"column":17},"end":{"line":13,"column":35}},"9":{"start":{"line":15,"column":22},"end":{"line":15,"column":52}},"10":{"start":{"line":16,"column":22},"end":{"line":16,"column":61}},"11":{"start":{"line":18,"column":16},"end":{"line":18,"column":18}},"12":{"start":{"line":21,"column":4},"end":{"line":28,"column":5}},"13":{"start":{"line":22,"column":6},"end":{"line":25,"column":8}},"14":{"start":{"line":26,"column":11},"end":{"line":28,"column":5}},"15":{"start":{"line":27,"column":6},"end":{"line":27,"column":34}},"16":{"start":{"line":31,"column":4},"end":{"line":33,"column":5}},"17":{"start":{"line":32,"column":6},"end":{"line":32,"column":44}},"18":{"start":{"line":34,"column":4},"end":{"line":36,"column":5}},"19":{"start":{"line":35,"column":6},"end":{"line":35,"column":42}},"20":{"start":{"line":39,"column":4},"end":{"line":54,"column":5}},"21":{"start":{"line":40,"column":26},"end":{"line":40,"column":59}},"22":{"start":{"line":43,"column":31},"end":{"line":43,"column":92}},"23":{"start":{"line":44,"column":25},"end":{"line":44,"column":63}},"24":{"start":{"line":44,"column":51},"end":{"line":44,"column":62}},"25":{"start":{"line":46,"column":30},"end":{"line":46,"column":89}},"26":{"start":{"line":47,"column":24},"end":{"line":47,"column":60}},"27":{"start":{"line":47,"column":49},"end":{"line":47,"column":59}},"28":{"start":{"line":49,"column":6},"end":{"line":53,"column":8}},"29":{"start":{"line":56,"column":18},"end":{"line":56,"column":57}},"30":{"start":{"line":57,"column":25},"end":{"line":62,"column":19}},"31":{"start":{"line":64,"column":4},"end":{"line":71,"column":7}},"32":{"start":{"line":73,"column":4},"end":{"line":73,"column":14}},"33":{"start":{"line":80,"column":27},"end":{"line":98,"column":1}},"34":{"start":{"line":81,"column":2},"end":{"line":97,"column":3}},"35":{"start":{"line":82,"column":15},"end":{"line":82,"column":28}},"36":{"start":{"line":83,"column":18},"end":{"line":83,"column":74}},"37":{"start":{"line":85,"column":24},"end":{"line":87,"column":25}},"38":{"start":{"line":89,"column":4},"end":{"line":92,"column":5}},"39":{"start":{"line":90,"column":6},"end":{"line":90,"column":22}},"40":{"start":{"line":91,"column":6},"end":{"line":91,"column":54}},"41":{"start":{"line":94,"column":4},"end":{"line":94,"column":51}},"42":{"start":{"line":96,"column":4},"end":{"line":96,"column":14}},"43":{"start":{"line":103,"column":24},"end":{"line":139,"column":1}},"44":{"start":{"line":104,"column":2},"end":{"line":138,"column":3}},"45":{"start":{"line":105,"column":48},"end":{"line":105,"column":56}},"46":{"start":{"line":108,"column":20},"end":{"line":108,"column":56}},"47":{"start":{"line":109,"column":4},"end":{"line":112,"column":5}},"48":{"start":{"line":110,"column":6},"end":{"line":110,"column":22}},"49":{"start":{"line":111,"column":6},"end":{"line":111,"column":71}},"50":{"start":{"line":115,"column":19},"end":{"line":115,"column":53}},"51":{"start":{"line":116,"column":4},"end":{"line":119,"column":5}},"52":{"start":{"line":117,"column":6},"end":{"line":117,"column":22}},"53":{"start":{"line":118,"column":6},"end":{"line":118,"column":69}},"54":{"start":{"line":121,"column":26},"end":{"line":121,"column":76}},"55":{"start":{"line":122,"column":21},"end":{"line":122,"column":51}},"56":{"start":{"line":124,"column":24},"end":{"line":133,"column":6}},"57":{"start":{"line":135,"column":4},"end":{"line":135,"column":63}},"58":{"start":{"line":137,"column":4},"end":{"line":137,"column":14}},"59":{"start":{"line":144,"column":26},"end":{"line":194,"column":1}},"60":{"start":{"line":145,"column":2},"end":{"line":193,"column":3}},"61":{"start":{"line":146,"column":15},"end":{"line":146,"column":28}},"62":{"start":{"line":147,"column":18},"end":{"line":147,"column":74}},"63":{"start":{"line":149,"column":22},"end":{"line":149,"column":54}},"64":{"start":{"line":151,"column":4},"end":{"line":154,"column":5}},"65":{"start":{"line":152,"column":6},"end":{"line":152,"column":22}},"66":{"start":{"line":153,"column":6},"end":{"line":153,"column":54}},"67":{"start":{"line":156,"column":23},"end":{"line":156,"column":38}},"68":{"start":{"line":159,"column":4},"end":{"line":163,"column":5}},"69":{"start":{"line":160,"column":16},"end":{"line":160,"column":51}},"70":{"start":{"line":161,"column":16},"end":{"line":161,"column":51}},"71":{"start":{"line":162,"column":6},"end":{"line":162,"column":53}},"72":{"start":{"line":166,"column":4},"end":{"line":173,"column":5}},"73":{"start":{"line":167,"column":22},"end":{"line":167,"column":80}},"74":{"start":{"line":168,"column":6},"end":{"line":171,"column":7}},"75":{"start":{"line":169,"column":8},"end":{"line":169,"column":24}},"76":{"start":{"line":170,"column":8},"end":{"line":170,"column":84}},"77":{"start":{"line":172,"column":6},"end":{"line":172,"column":39}},"78":{"start":{"line":176,"column":4},"end":{"line":183,"column":5}},"79":{"start":{"line":177,"column":21},"end":{"line":177,"column":76}},"80":{"start":{"line":178,"column":6},"end":{"line":181,"column":7}},"81":{"start":{"line":179,"column":8},"end":{"line":179,"column":24}},"82":{"start":{"line":180,"column":8},"end":{"line":180,"column":82}},"83":{"start":{"line":182,"column":6},"end":{"line":182,"column":37}},"84":{"start":{"line":185,"column":4},"end":{"line":188,"column":46}},"85":{"start":{"line":190,"column":4},"end":{"line":190,"column":51}},"86":{"start":{"line":192,"column":4},"end":{"line":192,"column":14}},"87":{"start":{"line":199,"column":26},"end":{"line":217,"column":1}},"88":{"start":{"line":200,"column":2},"end":{"line":216,"column":3}},"89":{"start":{"line":201,"column":15},"end":{"line":201,"column":28}},"90":{"start":{"line":202,"column":18},"end":{"line":202,"column":74}},"91":{"start":{"line":204,"column":24},"end":{"line":204,"column":56}},"92":{"start":{"line":206,"column":4},"end":{"line":209,"column":5}},"93":{"start":{"line":207,"column":6},"end":{"line":207,"column":22}},"94":{"start":{"line":208,"column":6},"end":{"line":208,"column":54}},"95":{"start":{"line":211,"column":4},"end":{"line":211,"column":39}},"96":{"start":{"line":213,"column":4},"end":{"line":213,"column":85}},"97":{"start":{"line":215,"column":4},"end":{"line":215,"column":14}},"98":{"start":{"line":219,"column":0},"end":{"line":225,"column":2}}},"fnMap":{"0":{"name":"(anonymous_0)","decl":{"start":{"line":9,"column":24},"end":{"line":9,"column":25}},"loc":{"start":{"line":9,"column":50},"end":{"line":75,"column":1}},"line":9},"1":{"name":"(anonymous_1)","decl":{"start":{"line":44,"column":46},"end":{"line":44,"column":47}},"loc":{"start":{"line":44,"column":51},"end":{"line":44,"column":62}},"line":44},"2":{"name":"(anonymous_2)","decl":{"start":{"line":47,"column":44},"end":{"line":47,"column":45}},"loc":{"start":{"line":47,"column":49},"end":{"line":47,"column":59}},"line":47},"3":{"name":"(anonymous_3)","decl":{"start":{"line":80,"column":27},"end":{"line":80,"column":28}},"loc":{"start":{"line":80,"column":53},"end":{"line":98,"column":1}},"line":80},"4":{"name":"(anonymous_4)","decl":{"start":{"line":103,"column":24},"end":{"line":103,"column":25}},"loc":{"start":{"line":103,"column":50},"end":{"line":139,"column":1}},"line":103},"5":{"name":"(anonymous_5)","decl":{"start":{"line":144,"column":26},"end":{"line":144,"column":27}},"loc":{"start":{"line":144,"column":52},"end":{"line":194,"column":1}},"line":144},"6":{"name":"(anonymous_6)","decl":{"start":{"line":199,"column":26},"end":{"line":199,"column":27}},"loc":{"start":{"line":199,"column":52},"end":{"line":217,"column":1}},"line":199}},"branchMap":{"0":{"loc":{"start":{"line":11,"column":17},"end":{"line":11,"column":50}},"type":"binary-expr","locations":[{"start":{"line":11,"column":17},"end":{"line":11,"column":45}},{"start":{"line":11,"column":49},"end":{"line":11,"column":50}}],"line":11},"1":{"loc":{"start":{"line":12,"column":18},"end":{"line":12,"column":53}},"type":"binary-expr","locations":[{"start":{"line":12,"column":18},"end":{"line":12,"column":47}},{"start":{"line":12,"column":51},"end":{"line":12,"column":53}}],"line":12},"2":{"loc":{"start":{"line":15,"column":22},"end":{"line":15,"column":52}},"type":"binary-expr","locations":[{"start":{"line":15,"column":22},"end":{"line":15,"column":38}},{"start":{"line":15,"column":42},"end":{"line":15,"column":52}}],"line":15},"3":{"loc":{"start":{"line":16,"column":22},"end":{"line":16,"column":61}},"type":"cond-expr","locations":[{"start":{"line":16,"column":55},"end":{"line":16,"column":57}},{"start":{"line":16,"column":60},"end":{"line":16,"column":61}}],"line":16},"4":{"loc":{"start":{"line":21,"column":4},"end":{"line":28,"column":5}},"type":"if","locations":[{"start":{"line":21,"column":4},"end":{"line":28,"column":5}},{"start":{"line":26,"column":11},"end":{"line":28,"column":5}}],"line":21},"5":{"loc":{"start":{"line":21,"column":8},"end":{"line":21,"column":48}},"type":"binary-expr","locations":[{"start":{"line":21,"column":8},"end":{"line":21,"column":27}},{"start":{"line":21,"column":31},"end":{"line":21,"column":48}}],"line":21},"6":{"loc":{"start":{"line":26,"column":11},"end":{"line":28,"column":5}},"type":"if","locations":[{"start":{"line":26,"column":11},"end":{"line":28,"column":5}},{"start":{},"end":{}}],"line":26},"7":{"loc":{"start":{"line":31,"column":4},"end":{"line":33,"column":5}},"type":"if","locations":[{"start":{"line":31,"column":4},"end":{"line":33,"column":5}},{"start":{},"end":{}}],"line":31},"8":{"loc":{"start":{"line":34,"column":4},"end":{"line":36,"column":5}},"type":"if","locations":[{"start":{"line":34,"column":4},"end":{"line":36,"column":5}},{"start":{},"end":{}}],"line":34},"9":{"loc":{"start":{"line":39,"column":4},"end":{"line":54,"column":5}},"type":"if","locations":[{"start":{"line":39,"column":4},"end":{"line":54,"column":5}},{"start":{},"end":{}}],"line":39},"10":{"loc":{"start":{"line":83,"column":18},"end":{"line":83,"column":74}},"type":"cond-expr","locations":[{"start":{"line":83,"column":39},"end":{"line":83,"column":60}},{"start":{"line":83,"column":63},"end":{"line":83,"column":74}}],"line":83},"11":{"loc":{"start":{"line":89,"column":4},"end":{"line":92,"column":5}},"type":"if","locations":[{"start":{"line":89,"column":4},"end":{"line":92,"column":5}},{"start":{},"end":{}}],"line":89},"12":{"loc":{"start":{"line":109,"column":4},"end":{"line":112,"column":5}},"type":"if","locations":[{"start":{"line":109,"column":4},"end":{"line":112,"column":5}},{"start":{},"end":{}}],"line":109},"13":{"loc":{"start":{"line":116,"column":4},"end":{"line":119,"column":5}},"type":"if","locations":[{"start":{"line":116,"column":4},"end":{"line":119,"column":5}},{"start":{},"end":{}}],"line":116},"14":{"loc":{"start":{"line":147,"column":18},"end":{"line":147,"column":74}},"type":"cond-expr","locations":[{"start":{"line":147,"column":39},"end":{"line":147,"column":60}},{"start":{"line":147,"column":63},"end":{"line":147,"column":74}}],"line":147},"15":{"loc":{"start":{"line":151,"column":4},"end":{"line":154,"column":5}},"type":"if","locations":[{"start":{"line":151,"column":4},"end":{"line":154,"column":5}},{"start":{},"end":{}}],"line":151},"16":{"loc":{"start":{"line":159,"column":4},"end":{"line":163,"column":5}},"type":"if","locations":[{"start":{"line":159,"column":4},"end":{"line":163,"column":5}},{"start":{},"end":{}}],"line":159},"17":{"loc":{"start":{"line":159,"column":8},"end":{"line":159,"column":42}},"type":"binary-expr","locations":[{"start":{"line":159,"column":8},"end":{"line":159,"column":23}},{"start":{"line":159,"column":27},"end":{"line":159,"column":42}}],"line":159},"18":{"loc":{"start":{"line":160,"column":16},"end":{"line":160,"column":51}},"type":"binary-expr","locations":[{"start":{"line":160,"column":16},"end":{"line":160,"column":31}},{"start":{"line":160,"column":35},"end":{"line":160,"column":51}}],"line":160},"19":{"loc":{"start":{"line":161,"column":16},"end":{"line":161,"column":51}},"type":"binary-expr","locations":[{"start":{"line":161,"column":16},"end":{"line":161,"column":31}},{"start":{"line":161,"column":35},"end":{"line":161,"column":51}}],"line":161},"20":{"loc":{"start":{"line":166,"column":4},"end":{"line":173,"column":5}},"type":"if","locations":[{"start":{"line":166,"column":4},"end":{"line":173,"column":5}},{"start":{},"end":{}}],"line":166},"21":{"loc":{"start":{"line":168,"column":6},"end":{"line":171,"column":7}},"type":"if","locations":[{"start":{"line":168,"column":6},"end":{"line":171,"column":7}},{"start":{},"end":{}}],"line":168},"22":{"loc":{"start":{"line":176,"column":4},"end":{"line":183,"column":5}},"type":"if","locations":[{"start":{"line":176,"column":4},"end":{"line":183,"column":5}},{"start":{},"end":{}}],"line":176},"23":{"loc":{"start":{"line":178,"column":6},"end":{"line":181,"column":7}},"type":"if","locations":[{"start":{"line":178,"column":6},"end":{"line":181,"column":7}},{"start":{},"end":{}}],"line":178},"24":{"loc":{"start":{"line":202,"column":18},"end":{"line":202,"column":74}},"type":"cond-expr","locations":[{"start":{"line":202,"column":39},"end":{"line":202,"column":60}},{"start":{"line":202,"column":63},"end":{"line":202,"column":74}}],"line":202},"25":{"loc":{"start":{"line":206,"column":4},"end":{"line":209,"column":5}},"type":"if","locations":[{"start":{"line":206,"column":4},"end":{"line":209,"column":5}},{"start":{},"end":{}}],"line":206}},"s":{"0":2,"1":2,"2":2,"3":2,"4":2,"5":0,"6":0,"7":0,"8":0,"9":0,"10":0,"11":0,"12":0,"13":0,"14":0,"15":0,"16":0,"17":0,"18":0,"19":0,"20":0,"21":0,"22":0,"23":0,"24":0,"25":0,"26":0,"27":0,"28":0,"29":0,"30":0,"31":0,"32":0,"33":2,"34":0,"35":0,"36":0,"37":0,"38":0,"39":0,"40":0,"41":0,"42":0,"43":2,"44":0,"45":0,"46":0,"47":0,"48":0,"49":0,"50":0,"51":0,"52":0,"53":0,"54":0,"55":0,"56":0,"57":0,"58":0,"59":2,"60":0,"61":0,"62":0,"63":0,"64":0,"65":0,"66":0,"67":0,"68":0,"69":0,"70":0,"71":0,"72":0,"73":0,"74":0,"75":0,"76":0,"77":0,"78":0,"79":0,"80":0,"81":0,"82":0,"83":0,"84":0,"85":0,"86":0,"87":2,"88":0,"89":0,"90":0,"91":0,"92":0,"93":0,"94":0,"95":0,"96":0,"97":0,"98":2},"f":{"0":0,"1":0,"2":0,"3":0,"4":0,"5":0,"6":0},"b":{"0":[0,0],"1":[0,0],"2":[0,0],"3":[0,0],"4":[0,0],"5":[0,0],"6":[0,0],"7":[0,0],"8":[0,0],"9":[0,0],"10":[0,0],"11":[0,0],"12":[0,0],"13":[0,0],"14":[0,0],"15":[0,0],"16":[0,0],"17":[0,0],"18":[0,0],"19":[0,0],"20":[0,0],"21":[0,0],"22":[0,0],"23":[0,0],"24":[0,0],"25":[0,0]},"_coverageSchema":"1a1c01bbd47fc00a2c39e90264f33305004495a9","hash":"cced9d260220860386216dd13c6f0dbbbcdb3e34"}
,"D:\\7thsem\\sre\\ClinicManagement_Reengineered\\backend\\src\\controllers\\authController.js": {"path":"D:\\7thsem\\sre\\ClinicManagement_Reengineered\\backend\\src\\controllers\\authController.js","statementMap":{"0":{"start":{"line":1,"column":12},"end":{"line":1,"column":35}},"1":{"start":{"line":2,"column":13},"end":{"line":2,"column":38}},"2":{"start":{"line":5,"column":22},"end":{"line":9,"column":1}},"3":{"start":{"line":6,"column":2},"end":{"line":8,"column":5}},"4":{"start":{"line":14,"column":21},"end":{"line":47,"column":1}},"5":{"start":{"line":15,"column":42},"end":{"line":15,"column":50}},"6":{"start":{"line":17,"column":2},"end":{"line":46,"column":3}},"7":{"start":{"line":18,"column":23},"end":{"line":18,"column":52}},"8":{"start":{"line":20,"column":4},"end":{"line":23,"column":5}},"9":{"start":{"line":21,"column":6},"end":{"line":21,"column":22}},"10":{"start":{"line":22,"column":6},"end":{"line":22,"column":52}},"11":{"start":{"line":25,"column":17},"end":{"line":30,"column":6}},"12":{"start":{"line":32,"column":4},"end":{"line":43,"column":5}},"13":{"start":{"line":33,"column":6},"end":{"line":39,"column":9}},"14":{"start":{"line":41,"column":6},"end":{"line":41,"column":22}},"15":{"start":{"line":42,"column":6},"end":{"line":42,"column":50}},"16":{"start":{"line":45,"column":4},"end":{"line":45,"column":14}},"17":{"start":{"line":52,"column":18},"end":{"line":73,"column":1}},"18":{"start":{"line":53,"column":30},"end":{"line":53,"column":38}},"19":{"start":{"line":55,"column":2},"end":{"line":72,"column":3}},"20":{"start":{"line":56,"column":17},"end":{"line":56,"column":46}},"21":{"start":{"line":58,"column":4},"end":{"line":69,"column":5}},"22":{"start":{"line":59,"column":6},"end":{"line":65,"column":9}},"23":{"start":{"line":67,"column":6},"end":{"line":67,"column":22}},"24":{"start":{"line":68,"column":6},"end":{"line":68,"column":58}},"25":{"start":{"line":71,"column":4},"end":{"line":71,"column":14}},"26":{"start":{"line":78,"column":14},"end":{"line":96,"column":1}},"27":{"start":{"line":79,"column":2},"end":{"line":95,"column":3}},"28":{"start":{"line":80,"column":17},"end":{"line":80,"column":49}},"29":{"start":{"line":82,"column":4},"end":{"line":92,"column":5}},"30":{"start":{"line":83,"column":6},"end":{"line":88,"column":9}},"31":{"start":{"line":90,"column":6},"end":{"line":90,"column":22}},"32":{"start":{"line":91,"column":6},"end":{"line":91,"column":47}},"33":{"start":{"line":94,"column":4},"end":{"line":94,"column":14}},"34":{"start":{"line":98,"column":0},"end":{"line":102,"column":2}}},"fnMap":{"0":{"name":"(anonymous_0)","decl":{"start":{"line":5,"column":22},"end":{"line":5,"column":23}},"loc":{"start":{"line":5,"column":30},"end":{"line":9,"column":1}},"line":5},"1":{"name":"(anonymous_1)","decl":{"start":{"line":14,"column":21},"end":{"line":14,"column":22}},"loc":{"start":{"line":14,"column":47},"end":{"line":47,"column":1}},"line":14},"2":{"name":"(anonymous_2)","decl":{"start":{"line":52,"column":18},"end":{"line":52,"column":19}},"loc":{"start":{"line":52,"column":44},"end":{"line":73,"column":1}},"line":52},"3":{"name":"(anonymous_3)","decl":{"start":{"line":78,"column":14},"end":{"line":78,"column":15}},"loc":{"start":{"line":78,"column":40},"end":{"line":96,"column":1}},"line":78}},"branchMap":{"0":{"loc":{"start":{"line":6,"column":26},"end":{"line":6,"column":72}},"type":"binary-expr","locations":[{"start":{"line":6,"column":26},"end":{"line":6,"column":48}},{"start":{"line":6,"column":52},"end":{"line":6,"column":72}}],"line":6},"1":{"loc":{"start":{"line":20,"column":4},"end":{"line":23,"column":5}},"type":"if","locations":[{"start":{"line":20,"column":4},"end":{"line":23,"column":5}},{"start":{},"end":{}}],"line":20},"2":{"loc":{"start":{"line":29,"column":12},"end":{"line":29,"column":27}},"type":"binary-expr","locations":[{"start":{"line":29,"column":12},"end":{"line":29,"column":16}},{"start":{"line":29,"column":20},"end":{"line":29,"column":27}}],"line":29},"3":{"loc":{"start":{"line":32,"column":4},"end":{"line":43,"column":5}},"type":"if","locations":[{"start":{"line":32,"column":4},"end":{"line":43,"column":5}},{"start":{"line":40,"column":11},"end":{"line":43,"column":5}}],"line":32},"4":{"loc":{"start":{"line":58,"column":4},"end":{"line":69,"column":5}},"type":"if","locations":[{"start":{"line":58,"column":4},"end":{"line":69,"column":5}},{"start":{"line":66,"column":11},"end":{"line":69,"column":5}}],"line":58},"5":{"loc":{"start":{"line":58,"column":8},"end":{"line":58,"column":54}},"type":"binary-expr","locations":[{"start":{"line":58,"column":8},"end":{"line":58,"column":12}},{"start":{"line":58,"column":17},"end":{"line":58,"column":53}}],"line":58},"6":{"loc":{"start":{"line":82,"column":4},"end":{"line":92,"column":5}},"type":"if","locations":[{"start":{"line":82,"column":4},"end":{"line":92,"column":5}},{"start":{"line":89,"column":11},"end":{"line":92,"column":5}}],"line":82}},"s":{"0":2,"1":2,"2":2,"3":3,"4":2,"5":2,"6":2,"7":2,"8":2,"9":0,"10":0,"11":2,"12":2,"13":2,"14":0,"15":0,"16":0,"17":2,"18":2,"19":2,"20":2,"21":2,"22":1,"23":1,"24":1,"25":0,"26":2,"27":0,"28":0,"29":0,"30":0,"31":0,"32":0,"33":0,"34":2},"f":{"0":3,"1":2,"2":2,"3":0},"b":{"0":[3,0],"1":[0,2],"2":[2,0],"3":[2,0],"4":[1,1],"5":[2,2],"6":[0,0]},"_coverageSchema":"1a1c01bbd47fc00a2c39e90264f33305004495a9","hash":"b61b0a4cfa9e3f73fba285d56ea72327482de972"}
,"D:\\7thsem\\sre\\ClinicManagement_Reengineered\\backend\\src\\controllers\\doctorController.js": {"path":"D:\\7thsem\\sre\\ClinicManagement_Reengineered\\backend\\src\\controllers\\doctorController.js","statementMap":{"0":{"start":{"line":1,"column":15},"end":{"line":1,"column":42}},"1":{"start":{"line":2,"column":22},"end":{"line":2,"column":53}},"2":{"start":{"line":7,"column":19},"end":{"line":49,"column":1}},"3":{"start":{"line":8,"column":2},"end":{"line":48,"column":3}},"4":{"start":{"line":9,"column":17},"end":{"line":9,"column":50}},"5":{"start":{"line":10,"column":18},"end":{"line":10,"column":53}},"6":{"start":{"line":11,"column":17},"end":{"line":11,"column":35}},"7":{"start":{"line":13,"column":22},"end":{"line":13,"column":53}},"8":{"start":{"line":14,"column":22},"end":{"line":14,"column":61}},"9":{"start":{"line":16,"column":16},"end":{"line":16,"column":18}},"10":{"start":{"line":17,"column":4},"end":{"line":26,"column":5}},"11":{"start":{"line":18,"column":26},"end":{"line":18,"column":59}},"12":{"start":{"line":19,"column":6},"end":{"line":25,"column":8}},"13":{"start":{"line":28,"column":4},"end":{"line":30,"column":5}},"14":{"start":{"line":29,"column":6},"end":{"line":29,"column":71}},"15":{"start":{"line":32,"column":18},"end":{"line":32,"column":52}},"16":{"start":{"line":33,"column":20},"end":{"line":36,"column":19}},"17":{"start":{"line":38,"column":4},"end":{"line":45,"column":7}},"18":{"start":{"line":47,"column":4},"end":{"line":47,"column":14}},"19":{"start":{"line":54,"column":22},"end":{"line":70,"column":1}},"20":{"start":{"line":55,"column":2},"end":{"line":69,"column":3}},"21":{"start":{"line":56,"column":15},"end":{"line":56,"column":28}},"22":{"start":{"line":57,"column":18},"end":{"line":57,"column":69}},"23":{"start":{"line":59,"column":19},"end":{"line":59,"column":46}},"24":{"start":{"line":61,"column":4},"end":{"line":64,"column":5}},"25":{"start":{"line":62,"column":6},"end":{"line":62,"column":22}},"26":{"start":{"line":63,"column":6},"end":{"line":63,"column":49}},"27":{"start":{"line":66,"column":4},"end":{"line":66,"column":46}},"28":{"start":{"line":68,"column":4},"end":{"line":68,"column":14}},"29":{"start":{"line":75,"column":21},"end":{"line":91,"column":1}},"30":{"start":{"line":76,"column":2},"end":{"line":90,"column":3}},"31":{"start":{"line":77,"column":37},"end":{"line":77,"column":45}},"32":{"start":{"line":79,"column":21},"end":{"line":79,"column":61}},"33":{"start":{"line":81,"column":19},"end":{"line":85,"column":6}},"34":{"start":{"line":87,"column":4},"end":{"line":87,"column":58}},"35":{"start":{"line":89,"column":4},"end":{"line":89,"column":14}},"36":{"start":{"line":96,"column":21},"end":{"line":117,"column":1}},"37":{"start":{"line":97,"column":2},"end":{"line":116,"column":3}},"38":{"start":{"line":98,"column":15},"end":{"line":98,"column":28}},"39":{"start":{"line":99,"column":18},"end":{"line":99,"column":69}},"40":{"start":{"line":101,"column":17},"end":{"line":101,"column":44}},"41":{"start":{"line":103,"column":4},"end":{"line":106,"column":5}},"42":{"start":{"line":104,"column":6},"end":{"line":104,"column":22}},"43":{"start":{"line":105,"column":6},"end":{"line":105,"column":49}},"44":{"start":{"line":108,"column":4},"end":{"line":111,"column":7}},"45":{"start":{"line":113,"column":4},"end":{"line":113,"column":46}},"46":{"start":{"line":115,"column":4},"end":{"line":115,"column":14}},"47":{"start":{"line":122,"column":21},"end":{"line":140,"column":1}},"48":{"start":{"line":123,"column":2},"end":{"line":139,"column":3}},"49":{"start":{"line":124,"column":15},"end":{"line":124,"column":28}},"50":{"start":{"line":125,"column":18},"end":{"line":125,"column":69}},"51":{"start":{"line":127,"column":19},"end":{"line":127,"column":46}},"52":{"start":{"line":129,"column":4},"end":{"line":132,"column":5}},"53":{"start":{"line":130,"column":6},"end":{"line":130,"column":22}},"54":{"start":{"line":131,"column":6},"end":{"line":131,"column":49}},"55":{"start":{"line":134,"column":4},"end":{"line":134,"column":34}},"56":{"start":{"line":136,"column":4},"end":{"line":136,"column":86}},"57":{"start":{"line":138,"column":4},"end":{"line":138,"column":14}},"58":{"start":{"line":142,"column":0},"end":{"line":148,"column":2}}},"fnMap":{"0":{"name":"(anonymous_0)","decl":{"start":{"line":7,"column":19},"end":{"line":7,"column":20}},"loc":{"start":{"line":7,"column":45},"end":{"line":49,"column":1}},"line":7},"1":{"name":"(anonymous_1)","decl":{"start":{"line":54,"column":22},"end":{"line":54,"column":23}},"loc":{"start":{"line":54,"column":48},"end":{"line":70,"column":1}},"line":54},"2":{"name":"(anonymous_2)","decl":{"start":{"line":75,"column":21},"end":{"line":75,"column":22}},"loc":{"start":{"line":75,"column":47},"end":{"line":91,"column":1}},"line":75},"3":{"name":"(anonymous_3)","decl":{"start":{"line":96,"column":21},"end":{"line":96,"column":22}},"loc":{"start":{"line":96,"column":47},"end":{"line":117,"column":1}},"line":96},"4":{"name":"(anonymous_4)","decl":{"start":{"line":122,"column":21},"end":{"line":122,"column":22}},"loc":{"start":{"line":122,"column":47},"end":{"line":140,"column":1}},"line":122}},"branchMap":{"0":{"loc":{"start":{"line":9,"column":17},"end":{"line":9,"column":50}},"type":"binary-expr","locations":[{"start":{"line":9,"column":17},"end":{"line":9,"column":45}},{"start":{"line":9,"column":49},"end":{"line":9,"column":50}}],"line":9},"1":{"loc":{"start":{"line":10,"column":18},"end":{"line":10,"column":53}},"type":"binary-expr","locations":[{"start":{"line":10,"column":18},"end":{"line":10,"column":47}},{"start":{"line":10,"column":51},"end":{"line":10,"column":53}}],"line":10},"2":{"loc":{"start":{"line":13,"column":22},"end":{"line":13,"column":53}},"type":"binary-expr","locations":[{"start":{"line":13,"column":22},"end":{"line":13,"column":38}},{"start":{"line":13,"column":42},"end":{"line":13,"column":53}}],"line":13},"3":{"loc":{"start":{"line":14,"column":22},"end":{"line":14,"column":61}},"type":"cond-expr","locations":[{"start":{"line":14,"column":55},"end":{"line":14,"column":57}},{"start":{"line":14,"column":60},"end":{"line":14,"column":61}}],"line":14},"4":{"loc":{"start":{"line":17,"column":4},"end":{"line":26,"column":5}},"type":"if","locations":[{"start":{"line":17,"column":4},"end":{"line":26,"column":5}},{"start":{},"end":{}}],"line":17},"5":{"loc":{"start":{"line":28,"column":4},"end":{"line":30,"column":5}},"type":"if","locations":[{"start":{"line":28,"column":4},"end":{"line":30,"column":5}},{"start":{},"end":{}}],"line":28},"6":{"loc":{"start":{"line":57,"column":18},"end":{"line":57,"column":69}},"type":"cond-expr","locations":[{"start":{"line":57,"column":39},"end":{"line":57,"column":55}},{"start":{"line":57,"column":58},"end":{"line":57,"column":69}}],"line":57},"7":{"loc":{"start":{"line":61,"column":4},"end":{"line":64,"column":5}},"type":"if","locations":[{"start":{"line":61,"column":4},"end":{"line":64,"column":5}},{"start":{},"end":{}}],"line":61},"8":{"loc":{"start":{"line":99,"column":18},"end":{"line":99,"column":69}},"type":"cond-expr","locations":[{"start":{"line":99,"column":39},"end":{"line":99,"column":55}},{"start":{"line":99,"column":58},"end":{"line":99,"column":69}}],"line":99},"9":{"loc":{"start":{"line":103,"column":4},"end":{"line":106,"column":5}},"type":"if","locations":[{"start":{"line":103,"column":4},"end":{"line":106,"column":5}},{"start":{},"end":{}}],"line":103},"10":{"loc":{"start":{"line":125,"column":18},"end":{"line":125,"column":69}},"type":"cond-expr","locations":[{"start":{"line":125,"column":39},"end":{"line":125,"column":55}},{"start":{"line":125,"column":58},"end":{"line":125,"column":69}}],"line":125},"11":{"loc":{"start":{"line":129,"column":4},"end":{"line":132,"column":5}},"type":"if","locations":[{"start":{"line":129,"column":4},"end":{"line":132,"column":5}},{"start":{},"end":{}}],"line":129}},"s":{"0":2,"1":2,"2":2,"3":0,"4":0,"5":0,"6":0,"7":0,"8":0,"9":0,"10":0,"11":0,"12":0,"13":0,"14":0,"15":0,"16":0,"17":0,"18":0,"19":2,"20":0,"21":0,"22":0,"23":0,"24":0,"25":0,"26":0,"27":0,"28":0,"29":2,"30":0,"31":0,"32":0,"33":0,"34":0,"35":0,"36":2,"37":0,"38":0,"39":0,"40":0,"41":0,"42":0,"43":0,"44":0,"45":0,"46":0,"47":2,"48":0,"49":0,"50":0,"51":0,"52":0,"53":0,"54":0,"55":0,"56":0,"57":0,"58":2},"f":{"0":0,"1":0,"2":0,"3":0,"4":0},"b":{"0":[0,0],"1":[0,0],"2":[0,0],"3":[0,0],"4":[0,0],"5":[0,0],"6":[0,0],"7":[0,0],"8":[0,0],"9":[0,0],"10":[0,0],"11":[0,0]},"_coverageSchema":"1a1c01bbd47fc00a2c39e90264f33305004495a9","hash":"6fb9f1b6a26864d81be9c80136f838f4274b33fa"}
,"D:\\7thsem\\sre\\ClinicManagement_Reengineered\\backend\\src\\controllers\\patientController.js": {"path":"D:\\7thsem\\sre\\ClinicManagement_Reengineered\\backend\\src\\controllers\\patientController.js","statementMap":{"0":{"start":{"line":1,"column":16},"end":{"line":1,"column":44}},"1":{"start":{"line":2,"column":22},"end":{"line":2,"column":53}},"2":{"start":{"line":7,"column":20},"end":{"line":50,"column":1}},"3":{"start":{"line":8,"column":2},"end":{"line":49,"column":3}},"4":{"start":{"line":9,"column":17},"end":{"line":9,"column":50}},"5":{"start":{"line":10,"column":18},"end":{"line":10,"column":53}},"6":{"start":{"line":11,"column":17},"end":{"line":11,"column":35}},"7":{"start":{"line":13,"column":22},"end":{"line":13,"column":53}},"8":{"start":{"line":14,"column":22},"end":{"line":14,"column":61}},"9":{"start":{"line":17,"column":16},"end":{"line":17,"column":18}},"10":{"start":{"line":18,"column":4},"end":{"line":27,"column":5}},"11":{"start":{"line":19,"column":26},"end":{"line":19,"column":59}},"12":{"start":{"line":20,"column":6},"end":{"line":26,"column":8}},"13":{"start":{"line":29,"column":4},"end":{"line":31,"column":5}},"14":{"start":{"line":30,"column":6},"end":{"line":30,"column":38}},"15":{"start":{"line":33,"column":18},"end":{"line":33,"column":53}},"16":{"start":{"line":34,"column":21},"end":{"line":37,"column":19}},"17":{"start":{"line":39,"column":4},"end":{"line":46,"column":7}},"18":{"start":{"line":48,"column":4},"end":{"line":48,"column":14}},"19":{"start":{"line":55,"column":23},"end":{"line":72,"column":1}},"20":{"start":{"line":56,"column":2},"end":{"line":71,"column":3}},"21":{"start":{"line":57,"column":15},"end":{"line":57,"column":28}},"22":{"start":{"line":59,"column":18},"end":{"line":59,"column":70}},"23":{"start":{"line":61,"column":20},"end":{"line":61,"column":48}},"24":{"start":{"line":63,"column":4},"end":{"line":66,"column":5}},"25":{"start":{"line":64,"column":6},"end":{"line":64,"column":22}},"26":{"start":{"line":65,"column":6},"end":{"line":65,"column":50}},"27":{"start":{"line":68,"column":4},"end":{"line":68,"column":47}},"28":{"start":{"line":70,"column":4},"end":{"line":70,"column":14}},"29":{"start":{"line":77,"column":22},"end":{"line":96,"column":1}},"30":{"start":{"line":78,"column":2},"end":{"line":95,"column":3}},"31":{"start":{"line":79,"column":41},"end":{"line":79,"column":49}},"32":{"start":{"line":82,"column":22},"end":{"line":82,"column":64}},"33":{"start":{"line":84,"column":20},"end":{"line":90,"column":6}},"34":{"start":{"line":92,"column":4},"end":{"line":92,"column":59}},"35":{"start":{"line":94,"column":4},"end":{"line":94,"column":14}},"36":{"start":{"line":101,"column":22},"end":{"line":122,"column":1}},"37":{"start":{"line":102,"column":2},"end":{"line":121,"column":3}},"38":{"start":{"line":103,"column":15},"end":{"line":103,"column":28}},"39":{"start":{"line":104,"column":18},"end":{"line":104,"column":70}},"40":{"start":{"line":106,"column":18},"end":{"line":106,"column":46}},"41":{"start":{"line":108,"column":4},"end":{"line":111,"column":5}},"42":{"start":{"line":109,"column":6},"end":{"line":109,"column":22}},"43":{"start":{"line":110,"column":6},"end":{"line":110,"column":50}},"44":{"start":{"line":113,"column":4},"end":{"line":116,"column":7}},"45":{"start":{"line":118,"column":4},"end":{"line":118,"column":47}},"46":{"start":{"line":120,"column":4},"end":{"line":120,"column":14}},"47":{"start":{"line":127,"column":22},"end":{"line":145,"column":1}},"48":{"start":{"line":128,"column":2},"end":{"line":144,"column":3}},"49":{"start":{"line":129,"column":15},"end":{"line":129,"column":28}},"50":{"start":{"line":130,"column":18},"end":{"line":130,"column":70}},"51":{"start":{"line":132,"column":20},"end":{"line":132,"column":48}},"52":{"start":{"line":134,"column":4},"end":{"line":137,"column":5}},"53":{"start":{"line":135,"column":6},"end":{"line":135,"column":22}},"54":{"start":{"line":136,"column":6},"end":{"line":136,"column":50}},"55":{"start":{"line":139,"column":4},"end":{"line":139,"column":35}},"56":{"start":{"line":141,"column":4},"end":{"line":141,"column":87}},"57":{"start":{"line":143,"column":4},"end":{"line":143,"column":14}},"58":{"start":{"line":147,"column":0},"end":{"line":153,"column":2}}},"fnMap":{"0":{"name":"(anonymous_0)","decl":{"start":{"line":7,"column":20},"end":{"line":7,"column":21}},"loc":{"start":{"line":7,"column":46},"end":{"line":50,"column":1}},"line":7},"1":{"name":"(anonymous_1)","decl":{"start":{"line":55,"column":23},"end":{"line":55,"column":24}},"loc":{"start":{"line":55,"column":49},"end":{"line":72,"column":1}},"line":55},"2":{"name":"(anonymous_2)","decl":{"start":{"line":77,"column":22},"end":{"line":77,"column":23}},"loc":{"start":{"line":77,"column":48},"end":{"line":96,"column":1}},"line":77},"3":{"name":"(anonymous_3)","decl":{"start":{"line":101,"column":22},"end":{"line":101,"column":23}},"loc":{"start":{"line":101,"column":48},"end":{"line":122,"column":1}},"line":101},"4":{"name":"(anonymous_4)","decl":{"start":{"line":127,"column":22},"end":{"line":127,"column":23}},"loc":{"start":{"line":127,"column":48},"end":{"line":145,"column":1}},"line":127}},"branchMap":{"0":{"loc":{"start":{"line":9,"column":17},"end":{"line":9,"column":50}},"type":"binary-expr","locations":[{"start":{"line":9,"column":17},"end":{"line":9,"column":45}},{"start":{"line":9,"column":49},"end":{"line":9,"column":50}}],"line":9},"1":{"loc":{"start":{"line":10,"column":18},"end":{"line":10,"column":53}},"type":"binary-expr","locations":[{"start":{"line":10,"column":18},"end":{"line":10,"column":47}},{"start":{"line":10,"column":51},"end":{"line":10,"column":53}}],"line":10},"2":{"loc":{"start":{"line":13,"column":22},"end":{"line":13,"column":53}},"type":"binary-expr","locations":[{"start":{"line":13,"column":22},"end":{"line":13,"column":38}},{"start":{"line":13,"column":42},"end":{"line":13,"column":53}}],"line":13},"3":{"loc":{"start":{"line":14,"column":22},"end":{"line":14,"column":61}},"type":"cond-expr","locations":[{"start":{"line":14,"column":55},"end":{"line":14,"column":57}},{"start":{"line":14,"column":60},"end":{"line":14,"column":61}}],"line":14},"4":{"loc":{"start":{"line":18,"column":4},"end":{"line":27,"column":5}},"type":"if","locations":[{"start":{"line":18,"column":4},"end":{"line":27,"column":5}},{"start":{},"end":{}}],"line":18},"5":{"loc":{"start":{"line":29,"column":4},"end":{"line":31,"column":5}},"type":"if","locations":[{"start":{"line":29,"column":4},"end":{"line":31,"column":5}},{"start":{},"end":{}}],"line":29},"6":{"loc":{"start":{"line":59,"column":18},"end":{"line":59,"column":70}},"type":"cond-expr","locations":[{"start":{"line":59,"column":39},"end":{"line":59,"column":56}},{"start":{"line":59,"column":59},"end":{"line":59,"column":70}}],"line":59},"7":{"loc":{"start":{"line":63,"column":4},"end":{"line":66,"column":5}},"type":"if","locations":[{"start":{"line":63,"column":4},"end":{"line":66,"column":5}},{"start":{},"end":{}}],"line":63},"8":{"loc":{"start":{"line":104,"column":18},"end":{"line":104,"column":70}},"type":"cond-expr","locations":[{"start":{"line":104,"column":39},"end":{"line":104,"column":56}},{"start":{"line":104,"column":59},"end":{"line":104,"column":70}}],"line":104},"9":{"loc":{"start":{"line":108,"column":4},"end":{"line":111,"column":5}},"type":"if","locations":[{"start":{"line":108,"column":4},"end":{"line":111,"column":5}},{"start":{},"end":{}}],"line":108},"10":{"loc":{"start":{"line":130,"column":18},"end":{"line":130,"column":70}},"type":"cond-expr","locations":[{"start":{"line":130,"column":39},"end":{"line":130,"column":56}},{"start":{"line":130,"column":59},"end":{"line":130,"column":70}}],"line":130},"11":{"loc":{"start":{"line":134,"column":4},"end":{"line":137,"column":5}},"type":"if","locations":[{"start":{"line":134,"column":4},"end":{"line":137,"column":5}},{"start":{},"end":{}}],"line":134}},"s":{"0":2,"1":2,"2":2,"3":0,"4":0,"5":0,"6":0,"7":0,"8":0,"9":0,"10":0,"11":0,"12":0,"13":0,"14":0,"15":0,"16":0,"17":0,"18":0,"19":2,"20":0,"21":0,"22":0,"23":0,"24":0,"25":0,"26":0,"27":0,"28":0,"29":2,"30":2,"31":2,"32":2,"33":2,"34":1,"35":1,"36":2,"37":0,"38":0,"39":0,"40":0,"41":0,"42":0,"43":0,"44":0,"45":0,"46":0,"47":2,"48":0,"49":0,"50":0,"51":0,"52":0,"53":0,"54":0,"55":0,"56":0,"57":0,"58":2},"f":{"0":0,"1":0,"2":2,"3":0,"4":0},"b":{"0":[0,0],"1":[0,0],"2":[0,0],"3":[0,0],"4":[0,0],"5":[0,0],"6":[0,0],"7":[0,0],"8":[0,0],"9":[0,0],"10":[0,0],"11":[0,0]},"_coverageSchema":"1a1c01bbd47fc00a2c39e90264f33305004495a9","hash":"44af239303fd480ac87cf95dafef57de83c966d5"}
,"D:\\7thsem\\sre\\ClinicManagement_Reengineered\\backend\\src\\controllers\\prescriptionController.js": {"path":"D:\\7thsem\\sre\\ClinicManagement_Reengineered\\backend\\src\\controllers\\prescriptionController.js","statementMap":{"0":{"start":{"line":1,"column":21},"end":{"line":1,"column":54}},"1":{"start":{"line":2,"column":16},"end":{"line":2,"column":44}},"2":{"start":{"line":3,"column":22},"end":{"line":3,"column":53}},"3":{"start":{"line":8,"column":25},"end":{"line":54,"column":1}},"4":{"start":{"line":9,"column":2},"end":{"line":53,"column":3}},"5":{"start":{"line":10,"column":17},"end":{"line":10,"column":50}},"6":{"start":{"line":11,"column":18},"end":{"line":11,"column":53}},"7":{"start":{"line":12,"column":17},"end":{"line":12,"column":35}},"8":{"start":{"line":14,"column":22},"end":{"line":14,"column":53}},"9":{"start":{"line":15,"column":22},"end":{"line":15,"column":61}},"10":{"start":{"line":17,"column":16},"end":{"line":17,"column":18}},"11":{"start":{"line":19,"column":4},"end":{"line":21,"column":5}},"12":{"start":{"line":20,"column":6},"end":{"line":20,"column":44}},"13":{"start":{"line":23,"column":4},"end":{"line":34,"column":5}},"14":{"start":{"line":24,"column":26},"end":{"line":24,"column":59}},"15":{"start":{"line":26,"column":31},"end":{"line":26,"column":92}},"16":{"start":{"line":27,"column":25},"end":{"line":27,"column":63}},"17":{"start":{"line":27,"column":51},"end":{"line":27,"column":62}},"18":{"start":{"line":29,"column":6},"end":{"line":33,"column":8}},"19":{"start":{"line":36,"column":18},"end":{"line":36,"column":58}},"20":{"start":{"line":37,"column":26},"end":{"line":41,"column":19}},"21":{"start":{"line":43,"column":4},"end":{"line":50,"column":7}},"22":{"start":{"line":52,"column":4},"end":{"line":52,"column":14}},"23":{"start":{"line":59,"column":28},"end":{"line":75,"column":1}},"24":{"start":{"line":60,"column":2},"end":{"line":74,"column":3}},"25":{"start":{"line":61,"column":15},"end":{"line":61,"column":28}},"26":{"start":{"line":62,"column":18},"end":{"line":62,"column":76}},"27":{"start":{"line":64,"column":25},"end":{"line":64,"column":78}},"28":{"start":{"line":66,"column":4},"end":{"line":69,"column":5}},"29":{"start":{"line":67,"column":6},"end":{"line":67,"column":22}},"30":{"start":{"line":68,"column":6},"end":{"line":68,"column":55}},"31":{"start":{"line":71,"column":4},"end":{"line":71,"column":52}},"32":{"start":{"line":73,"column":4},"end":{"line":73,"column":14}},"33":{"start":{"line":80,"column":24},"end":{"line":103,"column":1}},"34":{"start":{"line":81,"column":2},"end":{"line":102,"column":3}},"35":{"start":{"line":82,"column":36},"end":{"line":82,"column":44}},"36":{"start":{"line":84,"column":20},"end":{"line":84,"column":56}},"37":{"start":{"line":85,"column":4},"end":{"line":88,"column":5}},"38":{"start":{"line":86,"column":6},"end":{"line":86,"column":22}},"39":{"start":{"line":87,"column":6},"end":{"line":87,"column":71}},"40":{"start":{"line":90,"column":27},"end":{"line":90,"column":80}},"41":{"start":{"line":92,"column":25},"end":{"line":97,"column":6}},"42":{"start":{"line":99,"column":4},"end":{"line":99,"column":64}},"43":{"start":{"line":101,"column":4},"end":{"line":101,"column":14}},"44":{"start":{"line":108,"column":27},"end":{"line":140,"column":1}},"45":{"start":{"line":109,"column":2},"end":{"line":139,"column":3}},"46":{"start":{"line":110,"column":15},"end":{"line":110,"column":28}},"47":{"start":{"line":111,"column":18},"end":{"line":111,"column":76}},"48":{"start":{"line":113,"column":23},"end":{"line":113,"column":56}},"49":{"start":{"line":115,"column":4},"end":{"line":118,"column":5}},"50":{"start":{"line":116,"column":6},"end":{"line":116,"column":22}},"51":{"start":{"line":117,"column":6},"end":{"line":117,"column":55}},"52":{"start":{"line":120,"column":23},"end":{"line":120,"column":38}},"53":{"start":{"line":122,"column":4},"end":{"line":129,"column":5}},"54":{"start":{"line":123,"column":22},"end":{"line":123,"column":80}},"55":{"start":{"line":124,"column":6},"end":{"line":127,"column":7}},"56":{"start":{"line":125,"column":8},"end":{"line":125,"column":24}},"57":{"start":{"line":126,"column":8},"end":{"line":126,"column":84}},"58":{"start":{"line":128,"column":6},"end":{"line":128,"column":39}},"59":{"start":{"line":131,"column":4},"end":{"line":134,"column":27}},"60":{"start":{"line":136,"column":4},"end":{"line":136,"column":52}},"61":{"start":{"line":138,"column":4},"end":{"line":138,"column":14}},"62":{"start":{"line":145,"column":27},"end":{"line":163,"column":1}},"63":{"start":{"line":146,"column":2},"end":{"line":162,"column":3}},"64":{"start":{"line":147,"column":15},"end":{"line":147,"column":28}},"65":{"start":{"line":148,"column":18},"end":{"line":148,"column":76}},"66":{"start":{"line":150,"column":25},"end":{"line":150,"column":58}},"67":{"start":{"line":152,"column":4},"end":{"line":155,"column":5}},"68":{"start":{"line":153,"column":6},"end":{"line":153,"column":22}},"69":{"start":{"line":154,"column":6},"end":{"line":154,"column":55}},"70":{"start":{"line":157,"column":4},"end":{"line":157,"column":40}},"71":{"start":{"line":159,"column":4},"end":{"line":159,"column":84}},"72":{"start":{"line":161,"column":4},"end":{"line":161,"column":14}},"73":{"start":{"line":165,"column":0},"end":{"line":171,"column":2}}},"fnMap":{"0":{"name":"(anonymous_0)","decl":{"start":{"line":8,"column":25},"end":{"line":8,"column":26}},"loc":{"start":{"line":8,"column":51},"end":{"line":54,"column":1}},"line":8},"1":{"name":"(anonymous_1)","decl":{"start":{"line":27,"column":46},"end":{"line":27,"column":47}},"loc":{"start":{"line":27,"column":51},"end":{"line":27,"column":62}},"line":27},"2":{"name":"(anonymous_2)","decl":{"start":{"line":59,"column":28},"end":{"line":59,"column":29}},"loc":{"start":{"line":59,"column":54},"end":{"line":75,"column":1}},"line":59},"3":{"name":"(anonymous_3)","decl":{"start":{"line":80,"column":24},"end":{"line":80,"column":25}},"loc":{"start":{"line":80,"column":50},"end":{"line":103,"column":1}},"line":80},"4":{"name":"(anonymous_4)","decl":{"start":{"line":108,"column":27},"end":{"line":108,"column":28}},"loc":{"start":{"line":108,"column":53},"end":{"line":140,"column":1}},"line":108},"5":{"name":"(anonymous_5)","decl":{"start":{"line":145,"column":27},"end":{"line":145,"column":28}},"loc":{"start":{"line":145,"column":53},"end":{"line":163,"column":1}},"line":145}},"branchMap":{"0":{"loc":{"start":{"line":10,"column":17},"end":{"line":10,"column":50}},"type":"binary-expr","locations":[{"start":{"line":10,"column":17},"end":{"line":10,"column":45}},{"start":{"line":10,"column":49},"end":{"line":10,"column":50}}],"line":10},"1":{"loc":{"start":{"line":11,"column":18},"end":{"line":11,"column":53}},"type":"binary-expr","locations":[{"start":{"line":11,"column":18},"end":{"line":11,"column":47}},{"start":{"line":11,"column":51},"end":{"line":11,"column":53}}],"line":11},"2":{"loc":{"start":{"line":14,"column":22},"end":{"line":14,"column":53}},"type":"binary-expr","locations":[{"start":{"line":14,"column":22},"end":{"line":14,"column":38}},{"start":{"line":14,"column":42},"end":{"line":14,"column":53}}],"line":14},"3":{"loc":{"start":{"line":15,"column":22},"end":{"line":15,"column":61}},"type":"cond-expr","locations":[{"start":{"line":15,"column":55},"end":{"line":15,"column":57}},{"start":{"line":15,"column":60},"end":{"line":15,"column":61}}],"line":15},"4":{"loc":{"start":{"line":19,"column":4},"end":{"line":21,"column":5}},"type":"if","locations":[{"start":{"line":19,"column":4},"end":{"line":21,"column":5}},{"start":{},"end":{}}],"line":19},"5":{"loc":{"start":{"line":23,"column":4},"end":{"line":34,"column":5}},"type":"if","locations":[{"start":{"line":23,"column":4},"end":{"line":34,"column":5}},{"start":{},"end":{}}],"line":23},"6":{"loc":{"start":{"line":62,"column":18},"end":{"line":62,"column":76}},"type":"cond-expr","locations":[{"start":{"line":62,"column":40},"end":{"line":62,"column":62}},{"start":{"line":62,"column":65},"end":{"line":62,"column":76}}],"line":62},"7":{"loc":{"start":{"line":66,"column":4},"end":{"line":69,"column":5}},"type":"if","locations":[{"start":{"line":66,"column":4},"end":{"line":69,"column":5}},{"start":{},"end":{}}],"line":66},"8":{"loc":{"start":{"line":85,"column":4},"end":{"line":88,"column":5}},"type":"if","locations":[{"start":{"line":85,"column":4},"end":{"line":88,"column":5}},{"start":{},"end":{}}],"line":85},"9":{"loc":{"start":{"line":111,"column":18},"end":{"line":111,"column":76}},"type":"cond-expr","locations":[{"start":{"line":111,"column":40},"end":{"line":111,"column":62}},{"start":{"line":111,"column":65},"end":{"line":111,"column":76}}],"line":111},"10":{"loc":{"start":{"line":115,"column":4},"end":{"line":118,"column":5}},"type":"if","locations":[{"start":{"line":115,"column":4},"end":{"line":118,"column":5}},{"start":{},"end":{}}],"line":115},"11":{"loc":{"start":{"line":122,"column":4},"end":{"line":129,"column":5}},"type":"if","locations":[{"start":{"line":122,"column":4},"end":{"line":129,"column":5}},{"start":{},"end":{}}],"line":122},"12":{"loc":{"start":{"line":124,"column":6},"end":{"line":127,"column":7}},"type":"if","locations":[{"start":{"line":124,"column":6},"end":{"line":127,"column":7}},{"start":{},"end":{}}],"line":124},"13":{"loc":{"start":{"line":148,"column":18},"end":{"line":148,"column":76}},"type":"cond-expr","locations":[{"start":{"line":148,"column":40},"end":{"line":148,"column":62}},{"start":{"line":148,"column":65},"end":{"line":148,"column":76}}],"line":148},"14":{"loc":{"start":{"line":152,"column":4},"end":{"line":155,"column":5}},"type":"if","locations":[{"start":{"line":152,"column":4},"end":{"line":155,"column":5}},{"start":{},"end":{}}],"line":152}},"s":{"0":2,"1":2,"2":2,"3":2,"4":0,"5":0,"6":0,"7":0,"8":0,"9":0,"10":0,"11":0,"12":0,"13":0,"14":0,"15":0,"16":0,"17":0,"18":0,"19":0,"20":0,"21":0,"22":0,"23":2,"24":0,"25":0,"26":0,"27":0,"28":0,"29":0,"30":0,"31":0,"32":0,"33":2,"34":0,"35":0,"36":0,"37":0,"38":0,"39":0,"40":0,"41":0,"42":0,"43":0,"44":2,"45":0,"46":0,"47":0,"48":0,"49":0,"50":0,"51":0,"52":0,"53":0,"54":0,"55":0,"56":0,"57":0,"58":0,"59":0,"60":0,"61":0,"62":2,"63":0,"64":0,"65":0,"66":0,"67":0,"68":0,"69":0,"70":0,"71":0,"72":0,"73":2},"f":{"0":0,"1":0,"2":0,"3":0,"4":0,"5":0},"b":{"0":[0,0],"1":[0,0],"2":[0,0],"3":[0,0],"4":[0,0],"5":[0,0],"6":[0,0],"7":[0,0],"8":[0,0],"9":[0,0],"10":[0,0],"11":[0,0],"12":[0,0],"13":[0,0],"14":[0,0]},"_coverageSchema":"1a1c01bbd47fc00a2c39e90264f33305004495a9","hash":"e00a471855ce84ae6193c215dae191dc29896cc2"}
,"D:\\7thsem\\sre\\ClinicManagement_Reengineered\\backend\\src\\middlewares\\auth.js": {"path":"D:\\7thsem\\sre\\ClinicManagement_Reengineered\\backend\\src\\middlewares\\auth.js","statementMap":{"0":{"start":{"line":1,"column":12},"end":{"line":1,"column":35}},"1":{"start":{"line":2,"column":13},"end":{"line":2,"column":38}},"2":{"start":{"line":4,"column":16},"end":{"line":29,"column":1}},"3":{"start":{"line":7,"column":2},"end":{"line":24,"column":3}},"4":{"start":{"line":11,"column":4},"end":{"line":23,"column":5}},"5":{"start":{"line":12,"column":6},"end":{"line":12,"column":54}},"6":{"start":{"line":13,"column":22},"end":{"line":13,"column":87}},"7":{"start":{"line":15,"column":6},"end":{"line":15,"column":69}},"8":{"start":{"line":16,"column":6},"end":{"line":18,"column":7}},"9":{"start":{"line":17,"column":8},"end":{"line":17,"column":67}},"10":{"start":{"line":19,"column":6},"end":{"line":19,"column":20}},"11":{"start":{"line":21,"column":6},"end":{"line":21,"column":27}},"12":{"start":{"line":22,"column":6},"end":{"line":22,"column":79}},"13":{"start":{"line":26,"column":2},"end":{"line":28,"column":3}},"14":{"start":{"line":27,"column":4},"end":{"line":27,"column":73}},"15":{"start":{"line":31,"column":18},"end":{"line":40,"column":1}},"16":{"start":{"line":32,"column":2},"end":{"line":39,"column":4}},"17":{"start":{"line":33,"column":4},"end":{"line":37,"column":5}},"18":{"start":{"line":34,"column":6},"end":{"line":36,"column":9}},"19":{"start":{"line":38,"column":4},"end":{"line":38,"column":11}},"20":{"start":{"line":42,"column":0},"end":{"line":42,"column":40}}},"fnMap":{"0":{"name":"(anonymous_0)","decl":{"start":{"line":4,"column":16},"end":{"line":4,"column":17}},"loc":{"start":{"line":4,"column":42},"end":{"line":29,"column":1}},"line":4},"1":{"name":"(anonymous_1)","decl":{"start":{"line":31,"column":18},"end":{"line":31,"column":19}},"loc":{"start":{"line":31,"column":32},"end":{"line":40,"column":1}},"line":31},"2":{"name":"(anonymous_2)","decl":{"start":{"line":32,"column":9},"end":{"line":32,"column":10}},"loc":{"start":{"line":32,"column":29},"end":{"line":39,"column":3}},"line":32}},"branchMap":{"0":{"loc":{"start":{"line":7,"column":2},"end":{"line":24,"column":3}},"type":"if","locations":[{"start":{"line":7,"column":2},"end":{"line":24,"column":3}},{"start":{},"end":{}}],"line":7},"1":{"loc":{"start":{"line":8,"column":4},"end":{"line":9,"column":50}},"type":"binary-expr","locations":[{"start":{"line":8,"column":4},"end":{"line":8,"column":29}},{"start":{"line":9,"column":4},"end":{"line":9,"column":50}}],"line":8},"2":{"loc":{"start":{"line":13,"column":40},"end":{"line":13,"column":86}},"type":"binary-expr","locations":[{"start":{"line":13,"column":40},"end":{"line":13,"column":62}},{"start":{"line":13,"column":66},"end":{"line":13,"column":86}}],"line":13},"3":{"loc":{"start":{"line":16,"column":6},"end":{"line":18,"column":7}},"type":"if","locations":[{"start":{"line":16,"column":6},"end":{"line":18,"column":7}},{"start":{},"end":{}}],"line":16},"4":{"loc":{"start":{"line":26,"column":2},"end":{"line":28,"column":3}},"type":"if","locations":[{"start":{"line":26,"column":2},"end":{"line":28,"column":3}},{"start":{},"end":{}}],"line":26},"5":{"loc":{"start":{"line":33,"column":4},"end":{"line":37,"column":5}},"type":"if","locations":[{"start":{"line":33,"column":4},"end":{"line":37,"column":5}},{"start":{},"end":{}}],"line":33},"6":{"loc":{"start":{"line":33,"column":8},"end":{"line":33,"column":51}},"type":"binary-expr","locations":[{"start":{"line":33,"column":8},"end":{"line":33,"column":17}},{"start":{"line":33,"column":21},"end":{"line":33,"column":51}}],"line":33},"7":{"loc":{"start":{"line":35,"column":26},"end":{"line":35,"column":59}},"type":"cond-expr","locations":[{"start":{"line":35,"column":37},"end":{"line":35,"column":50}},{"start":{"line":35,"column":53},"end":{"line":35,"column":59}}],"line":35}},"s":{"0":2,"1":2,"2":2,"3":3,"4":2,"5":2,"6":2,"7":2,"8":2,"9":0,"10":2,"11":0,"12":0,"13":1,"14":1,"15":2,"16":24,"17":2,"18":0,"19":2,"20":2},"f":{"0":3,"1":24,"2":2},"b":{"0":[2,1],"1":[3,2],"2":[2,0],"3":[0,2],"4":[1,0],"5":[0,2],"6":[2,2],"7":[0,0]},"_coverageSchema":"1a1c01bbd47fc00a2c39e90264f33305004495a9","hash":"b5602ec4bd83ab1b3591210d2d896313144b7fd5"}
,"D:\\7thsem\\sre\\ClinicManagement_Reengineered\\backend\\src\\middlewares\\errorHandler.js": {"path":"D:\\7thsem\\sre\\ClinicManagement_Reengineered\\backend\\src\\middlewares\\errorHandler.js","statementMap":{"0":{"start":{"line":1,"column":21},"end":{"line":29,"column":1}},"1":{"start":{"line":2,"column":2},"end":{"line":2,"column":27}},"2":{"start":{"line":4,"column":19},"end":{"line":4,"column":64}},"3":{"start":{"line":5,"column":16},"end":{"line":5,"column":27}},"4":{"start":{"line":8,"column":2},"end":{"line":11,"column":3}},"5":{"start":{"line":9,"column":4},"end":{"line":9,"column":21}},"6":{"start":{"line":10,"column":4},"end":{"line":10,"column":77}},"7":{"start":{"line":10,"column":53},"end":{"line":10,"column":64}},"8":{"start":{"line":14,"column":2},"end":{"line":17,"column":3}},"9":{"start":{"line":15,"column":4},"end":{"line":15,"column":21}},"10":{"start":{"line":16,"column":4},"end":{"line":16,"column":59}},"11":{"start":{"line":20,"column":2},"end":{"line":23,"column":3}},"12":{"start":{"line":21,"column":4},"end":{"line":21,"column":21}},"13":{"start":{"line":22,"column":4},"end":{"line":22,"column":76}},"14":{"start":{"line":25,"column":2},"end":{"line":28,"column":5}},"15":{"start":{"line":31,"column":0},"end":{"line":31,"column":34}}},"fnMap":{"0":{"name":"(anonymous_0)","decl":{"start":{"line":1,"column":21},"end":{"line":1,"column":22}},"loc":{"start":{"line":1,"column":46},"end":{"line":29,"column":1}},"line":1},"1":{"name":"(anonymous_1)","decl":{"start":{"line":10,"column":44},"end":{"line":10,"column":45}},"loc":{"start":{"line":10,"column":53},"end":{"line":10,"column":64}},"line":10}},"branchMap":{"0":{"loc":{"start":{"line":4,"column":19},"end":{"line":4,"column":64}},"type":"cond-expr","locations":[{"start":{"line":4,"column":44},"end":{"line":4,"column":47}},{"start":{"line":4,"column":50},"end":{"line":4,"column":64}}],"line":4},"1":{"loc":{"start":{"line":8,"column":2},"end":{"line":11,"column":3}},"type":"if","locations":[{"start":{"line":8,"column":2},"end":{"line":11,"column":3}},{"start":{},"end":{}}],"line":8},"2":{"loc":{"start":{"line":14,"column":2},"end":{"line":17,"column":3}},"type":"if","locations":[{"start":{"line":14,"column":2},"end":{"line":17,"column":3}},{"start":{},"end":{}}],"line":14},"3":{"loc":{"start":{"line":20,"column":2},"end":{"line":23,"column":3}},"type":"if","locations":[{"start":{"line":20,"column":2},"end":{"line":23,"column":3}},{"start":{},"end":{}}],"line":20},"4":{"loc":{"start":{"line":27,"column":11},"end":{"line":27,"column":67}},"type":"cond-expr","locations":[{"start":{"line":27,"column":51},"end":{"line":27,"column":55}},{"start":{"line":27,"column":58},"end":{"line":27,"column":67}}],"line":27}},"s":{"0":2,"1":2,"2":2,"3":2,"4":2,"5":1,"6":1,"7":1,"8":2,"9":0,"10":0,"11":2,"12":0,"13":0,"14":2,"15":2},"f":{"0":2,"1":1},"b":{"0":[1,1],"1":[1,1],"2":[0,2],"3":[0,2],"4":[0,2]},"_coverageSchema":"1a1c01bbd47fc00a2c39e90264f33305004495a9","hash":"97e26df73838d751a42f7c9ae9db217298445014"}
,"D:\\7thsem\\sre\\ClinicManagement_Reengineered\\backend\\src\\models\\appointment.js": {"path":"D:\\7thsem\\sre\\ClinicManagement_Reengineered\\backend\\src\\models\\appointment.js","statementMap":{"0":{"start":{"line":1,"column":17},"end":{"line":1,"column":36}},"1":{"start":{"line":3,"column":26},"end":{"line":12,"column":24}},"2":{"start":{"line":15,"column":0},"end":{"line":15,"column":46}},"3":{"start":{"line":16,"column":0},"end":{"line":16,"column":42}},"4":{"start":{"line":17,"column":0},"end":{"line":17,"column":41}},"5":{"start":{"line":18,"column":0},"end":{"line":18,"column":37}},"6":{"start":{"line":19,"column":0},"end":{"line":19,"column":41}},"7":{"start":{"line":21,"column":0},"end":{"line":21,"column":66}}},"fnMap":{},"branchMap":{},"s":{"0":2,"1":2,"2":2,"3":2,"4":2,"5":2,"6":2,"7":2},"f":{},"b":{},"_coverageSchema":"1a1c01bbd47fc00a2c39e90264f33305004495a9","hash":"6617d005f22376715d24c5e8f869c328aa465cee"}
,"D:\\7thsem\\sre\\ClinicManagement_Reengineered\\backend\\src\\models\\doctor.js": {"path":"D:\\7thsem\\sre\\ClinicManagement_Reengineered\\backend\\src\\models\\doctor.js","statementMap":{"0":{"start":{"line":1,"column":17},"end":{"line":1,"column":36}},"1":{"start":{"line":3,"column":21},"end":{"line":7,"column":24}},"2":{"start":{"line":10,"column":0},"end":{"line":10,"column":36}},"3":{"start":{"line":11,"column":0},"end":{"line":11,"column":37}},"4":{"start":{"line":13,"column":0},"end":{"line":13,"column":56}}},"fnMap":{},"branchMap":{},"s":{"0":2,"1":2,"2":2,"3":2,"4":2},"f":{},"b":{},"_coverageSchema":"1a1c01bbd47fc00a2c39e90264f33305004495a9","hash":"b77a093392a7bb79bf0d3cd42f1aa665097b4252"}
,"D:\\7thsem\\sre\\ClinicManagement_Reengineered\\backend\\src\\models\\patient.js": {"path":"D:\\7thsem\\sre\\ClinicManagement_Reengineered\\backend\\src\\models\\patient.js","statementMap":{"0":{"start":{"line":3,"column":17},"end":{"line":3,"column":36}},"1":{"start":{"line":5,"column":22},"end":{"line":15,"column":24}},"2":{"start":{"line":18,"column":0},"end":{"line":18,"column":38}},"3":{"start":{"line":19,"column":0},"end":{"line":19,"column":38}},"4":{"start":{"line":21,"column":0},"end":{"line":21,"column":58}}},"fnMap":{},"branchMap":{},"s":{"0":2,"1":2,"2":2,"3":2,"4":2},"f":{},"b":{},"_coverageSchema":"1a1c01bbd47fc00a2c39e90264f33305004495a9","hash":"c90313ed752173d10e5adf402e5b7869fe5f6dd0"}
,"D:\\7thsem\\sre\\ClinicManagement_Reengineered\\backend\\src\\models\\prescription.js": {"path":"D:\\7thsem\\sre\\ClinicManagement_Reengineered\\backend\\src\\models\\prescription.js","statementMap":{"0":{"start":{"line":1,"column":17},"end":{"line":1,"column":36}},"1":{"start":{"line":3,"column":27},"end":{"line":8,"column":24}},"2":{"start":{"line":11,"column":0},"end":{"line":11,"column":48}},"3":{"start":{"line":12,"column":0},"end":{"line":12,"column":43}},"4":{"start":{"line":13,"column":0},"end":{"line":13,"column":47}},"5":{"start":{"line":15,"column":0},"end":{"line":15,"column":68}}},"fnMap":{},"branchMap":{},"s":{"0":2,"1":2,"2":2,"3":2,"4":2,"5":2},"f":{},"b":{},"_coverageSchema":"1a1c01bbd47fc00a2c39e90264f33305004495a9","hash":"d47ae547c36c984d63be6d177aceece22b7238fb"}
,"D:\\7thsem\\sre\\ClinicManagement_Reengineered\\backend\\src\\models\\user.js": {"path":"D:\\7thsem\\sre\\ClinicManagement_Reengineered\\backend\\src\\models\\user.js","statementMap":{"0":{"start":{"line":1,"column":17},"end":{"line":1,"column":36}},"1":{"start":{"line":2,"column":15},"end":{"line":2,"column":32}},"2":{"start":{"line":4,"column":19},"end":{"line":9,"column":24}},"3":{"start":{"line":12,"column":0},"end":{"line":21,"column":3}},"4":{"start":{"line":13,"column":2},"end":{"line":13,"column":50}},"5":{"start":{"line":13,"column":36},"end":{"line":13,"column":50}},"6":{"start":{"line":14,"column":2},"end":{"line":20,"column":3}},"7":{"start":{"line":15,"column":17},"end":{"line":15,"column":41}},"8":{"start":{"line":16,"column":4},"end":{"line":16,"column":59}},"9":{"start":{"line":17,"column":4},"end":{"line":17,"column":11}},"10":{"start":{"line":19,"column":4},"end":{"line":19,"column":14}},"11":{"start":{"line":24,"column":0},"end":{"line":26,"column":2}},"12":{"start":{"line":25,"column":2},"end":{"line":25,"column":58}},"13":{"start":{"line":28,"column":0},"end":{"line":28,"column":52}}},"fnMap":{"0":{"name":"(anonymous_0)","decl":{"start":{"line":12,"column":23},"end":{"line":12,"column":24}},"loc":{"start":{"line":12,"column":45},"end":{"line":21,"column":1}},"line":12},"1":{"name":"(anonymous_1)","decl":{"start":{"line":24,"column":37},"end":{"line":24,"column":38}},"loc":{"start":{"line":24,"column":72},"end":{"line":26,"column":1}},"line":24}},"branchMap":{"0":{"loc":{"start":{"line":13,"column":2},"end":{"line":13,"column":50}},"type":"if","locations":[{"start":{"line":13,"column":2},"end":{"line":13,"column":50}},{"start":{},"end":{}}],"line":13}},"s":{"0":2,"1":2,"2":2,"3":2,"4":2,"5":0,"6":2,"7":2,"8":2,"9":2,"10":0,"11":2,"12":2,"13":2},"f":{"0":2,"1":2},"b":{"0":[0,2]},"_coverageSchema":"1a1c01bbd47fc00a2c39e90264f33305004495a9","hash":"8970380732d239e2f29d2de87c0f4750b9f42f6c"}
,"D:\\7thsem\\sre\\ClinicManagement_Reengineered\\backend\\src\\routes\\appointments.js": {"path":"D:\\7thsem\\sre\\ClinicManagement_Reengineered\\backend\\src\\routes\\appointments.js","statementMap":{"0":{"start":{"line":1,"column":16},"end":{"line":1,"column":34}},"1":{"start":{"line":2,"column":15},"end":{"line":2,"column":31}},"2":{"start":{"line":9,"column":4},"end":{"line":9,"column":51}},"3":{"start":{"line":10,"column":31},"end":{"line":10,"column":61}},"4":{"start":{"line":12,"column":0},"end":{"line":12,"column":20}},"5":{"start":{"line":14,"column":0},"end":{"line":16,"column":54}},"6":{"start":{"line":18,"column":0},"end":{"line":21,"column":49}},"7":{"start":{"line":23,"column":0},"end":{"line":23,"column":24}}},"fnMap":{},"branchMap":{},"s":{"0":2,"1":2,"2":2,"3":2,"4":2,"5":2,"6":2,"7":2},"f":{},"b":{},"_coverageSchema":"1a1c01bbd47fc00a2c39e90264f33305004495a9","hash":"228f77e4782426ccf2abdc2c9498a5882dd67cfa"}
,"D:\\7thsem\\sre\\ClinicManagement_Reengineered\\backend\\src\\routes\\auth.js": {"path":"D:\\7thsem\\sre\\ClinicManagement_Reengineered\\backend\\src\\routes\\auth.js","statementMap":{"0":{"start":{"line":1,"column":16},"end":{"line":1,"column":34}},"1":{"start":{"line":2,"column":15},"end":{"line":2,"column":31}},"2":{"start":{"line":3,"column":43},"end":{"line":3,"column":83}},"3":{"start":{"line":4,"column":20},"end":{"line":4,"column":50}},"4":{"start":{"line":6,"column":0},"end":{"line":6,"column":39}},"5":{"start":{"line":7,"column":0},"end":{"line":7,"column":33}},"6":{"start":{"line":8,"column":0},"end":{"line":8,"column":34}},"7":{"start":{"line":10,"column":0},"end":{"line":10,"column":24}}},"fnMap":{},"branchMap":{},"s":{"0":2,"1":2,"2":2,"3":2,"4":2,"5":2,"6":2,"7":2},"f":{},"b":{},"_coverageSchema":"1a1c01bbd47fc00a2c39e90264f33305004495a9","hash":"f0665a016366921383553c291b13b3d961f1fe6f"}
,"D:\\7thsem\\sre\\ClinicManagement_Reengineered\\backend\\src\\routes\\doctors.js": {"path":"D:\\7thsem\\sre\\ClinicManagement_Reengineered\\backend\\src\\routes\\doctors.js","statementMap":{"0":{"start":{"line":1,"column":16},"end":{"line":1,"column":34}},"1":{"start":{"line":2,"column":15},"end":{"line":2,"column":31}},"2":{"start":{"line":9,"column":4},"end":{"line":9,"column":46}},"3":{"start":{"line":10,"column":31},"end":{"line":10,"column":61}},"4":{"start":{"line":12,"column":0},"end":{"line":12,"column":20}},"5":{"start":{"line":14,"column":0},"end":{"line":16,"column":51}},"6":{"start":{"line":18,"column":0},"end":{"line":21,"column":44}},"7":{"start":{"line":23,"column":0},"end":{"line":23,"column":24}}},"fnMap":{},"branchMap":{},"s":{"0":2,"1":2,"2":2,"3":2,"4":2,"5":2,"6":2,"7":2},"f":{},"b":{},"_coverageSchema":"1a1c01bbd47fc00a2c39e90264f33305004495a9","hash":"e23ede9c2b7ec94855fa82f940f53561d87ed03e"}
,"D:\\7thsem\\sre\\ClinicManagement_Reengineered\\backend\\src\\routes\\patients.js": {"path":"D:\\7thsem\\sre\\ClinicManagement_Reengineered\\backend\\src\\routes\\patients.js","statementMap":{"0":{"start":{"line":1,"column":16},"end":{"line":1,"column":34}},"1":{"start":{"line":2,"column":15},"end":{"line":2,"column":31}},"2":{"start":{"line":9,"column":4},"end":{"line":9,"column":47}},"3":{"start":{"line":10,"column":31},"end":{"line":10,"column":61}},"4":{"start":{"line":12,"column":0},"end":{"line":12,"column":20}},"5":{"start":{"line":14,"column":0},"end":{"line":16,"column":52}},"6":{"start":{"line":18,"column":0},"end":{"line":21,"column":45}},"7":{"start":{"line":23,"column":0},"end":{"line":23,"column":24}}},"fnMap":{},"branchMap":{},"s":{"0":2,"1":2,"2":2,"3":2,"4":2,"5":2,"6":2,"7":2},"f":{},"b":{},"_coverageSchema":"1a1c01bbd47fc00a2c39e90264f33305004495a9","hash":"3dfac3be94209e8b413c29cbb1bc7ef4c54b73c3"}
,"D:\\7thsem\\sre\\ClinicManagement_Reengineered\\backend\\src\\routes\\prescriptions.js": {"path":"D:\\7thsem\\sre\\ClinicManagement_Reengineered\\backend\\src\\routes\\prescriptions.js","statementMap":{"0":{"start":{"line":1,"column":16},"end":{"line":1,"column":34}},"1":{"start":{"line":2,"column":15},"end":{"line":2,"column":31}},"2":{"start":{"line":9,"column":4},"end":{"line":9,"column":52}},"3":{"start":{"line":10,"column":31},"end":{"line":10,"column":61}},"4":{"start":{"line":12,"column":0},"end":{"line":12,"column":20}},"5":{"start":{"line":14,"column":0},"end":{"line":16,"column":54}},"6":{"start":{"line":18,"column":0},"end":{"line":21,"column":50}},"7":{"start":{"line":23,"column":0},"end":{"line":23,"column":24}}},"fnMap":{},"branchMap":{},"s":{"0":2,"1":2,"2":2,"3":2,"4":2,"5":2,"6":2,"7":2},"f":{},"b":{},"_coverageSchema":"1a1c01bbd47fc00a2c39e90264f33305004495a9","hash":"1e50140129f2bd12154516cf4346faefa2bef7e2"}
,"D:\\7thsem\\sre\\ClinicManagement_Reengineered\\backend\\src\\utils\\idGenerator.js": {"path":"D:\\7thsem\\sre\\ClinicManagement_Reengineered\\backend\\src\\utils\\idGenerator.js","statementMap":{"0":{"start":{"line":1,"column":16},"end":{"line":1,"column":44}},"1":{"start":{"line":2,"column":15},"end":{"line":2,"column":42}},"2":{"start":{"line":3,"column":20},"end":{"line":3,"column":52}},"3":{"start":{"line":4,"column":21},"end":{"line":4,"column":54}},"4":{"start":{"line":16,"column":2},"end":{"line":57,"column":3}},"5":{"start":{"line":17,"column":23},"end":{"line":17,"column":52}},"6":{"start":{"line":19,"column":19},"end":{"line":44,"column":13}},"7":{"start":{"line":46,"column":18},"end":{"line":46,"column":19}},"8":{"start":{"line":47,"column":4},"end":{"line":49,"column":5}},"9":{"start":{"line":48,"column":6},"end":{"line":48,"column":42}},"10":{"start":{"line":52,"column":25},"end":{"line":52,"column":57}},"11":{"start":{"line":53,"column":4},"end":{"line":53,"column":38}},"12":{"start":{"line":55,"column":4},"end":{"line":55,"column":49}},"13":{"start":{"line":56,"column":4},"end":{"line":56,"column":16}},"14":{"start":{"line":60,"column":0},"end":{"line":62,"column":2}}},"fnMap":{"0":{"name":"getNextId","decl":{"start":{"line":15,"column":15},"end":{"line":15,"column":24}},"loc":{"start":{"line":15,"column":49},"end":{"line":58,"column":1}},"line":15}},"branchMap":{"0":{"loc":{"start":{"line":47,"column":4},"end":{"line":49,"column":5}},"type":"if","locations":[{"start":{"line":47,"column":4},"end":{"line":49,"column":5}},{"start":{},"end":{}}],"line":47},"1":{"loc":{"start":{"line":47,"column":8},"end":{"line":47,"column":74}},"type":"binary-expr","locations":[{"start":{"line":47,"column":8},"end":{"line":47,"column":14}},{"start":{"line":47,"column":18},"end":{"line":47,"column":35}},{"start":{"line":47,"column":39},"end":{"line":47,"column":74}}],"line":47}},"s":{"0":2,"1":2,"2":2,"3":2,"4":2,"5":2,"6":2,"7":2,"8":2,"9":2,"10":2,"11":2,"12":0,"13":0,"14":2},"f":{"0":2},"b":{"0":[2,0],"1":[2,2,2]},"_coverageSchema":"1a1c01bbd47fc00a2c39e90264f33305004495a9","hash":"f909bcbb8e5d72bc36a91c16d7bf30329a706082"}
}
