TN:
SF:src\app.js
FN:57,(anonymous_0)
FN:59,(anonymous_1)
FN:61,(anonymous_2)
FN:69,(anonymous_3)
FNF:4
FNH:0
FNDA:0,(anonymous_0)
FNDA:0,(anonymous_1)
FNDA:0,(anonymous_2)
FNDA:0,(anonymous_3)
DA:1,2
DA:2,2
DA:3,2
DA:4,2
DA:5,2
DA:6,2
DA:7,2
DA:8,2
DA:9,2
DA:11,2
DA:12,2
DA:13,2
DA:14,2
DA:15,2
DA:17,2
DA:19,2
DA:22,2
DA:23,2
DA:24,2
DA:25,2
DA:28,2
DA:34,2
DA:37,2
DA:38,2
DA:41,2
DA:42,2
DA:43,2
DA:44,2
DA:45,2
DA:48,2
DA:51,2
DA:52,2
DA:54,2
DA:55,0
DA:58,0
DA:59,0
DA:62,0
DA:63,0
DA:67,2
DA:70,0
DA:74,2
LF:41
LH:35
BRDA:23,0,0,2
BRDA:23,0,1,0
BRDA:51,1,0,2
BRDA:51,1,1,0
BRDA:54,2,0,0
BRDA:54,2,1,2
BRF:6
BRH:3
end_of_record
TN:
SF:src\controllers\appointmentController.js
FN:9,(anonymous_0)
FN:44,(anonymous_1)
FN:47,(anonymous_2)
FN:80,(anonymous_3)
FN:103,(anonymous_4)
FN:144,(anonymous_5)
FN:199,(anonymous_6)
FNF:7
FNH:0
FNDA:0,(anonymous_0)
FNDA:0,(anonymous_1)
FNDA:0,(anonymous_2)
FNDA:0,(anonymous_3)
FNDA:0,(anonymous_4)
FNDA:0,(anonymous_5)
FNDA:0,(anonymous_6)
DA:1,2
DA:2,2
DA:3,2
DA:4,2
DA:9,2
DA:10,0
DA:11,0
DA:12,0
DA:13,0
DA:15,0
DA:16,0
DA:18,0
DA:21,0
DA:22,0
DA:26,0
DA:27,0
DA:31,0
DA:32,0
DA:34,0
DA:35,0
DA:39,0
DA:40,0
DA:43,0
DA:44,0
DA:46,0
DA:47,0
DA:49,0
DA:56,0
DA:57,0
DA:64,0
DA:73,0
DA:80,2
DA:81,0
DA:82,0
DA:83,0
DA:85,0
DA:89,0
DA:90,0
DA:91,0
DA:94,0
DA:96,0
DA:103,2
DA:104,0
DA:105,0
DA:108,0
DA:109,0
DA:110,0
DA:111,0
DA:115,0
DA:116,0
DA:117,0
DA:118,0
DA:121,0
DA:122,0
DA:124,0
DA:135,0
DA:137,0
DA:144,2
DA:145,0
DA:146,0
DA:147,0
DA:149,0
DA:151,0
DA:152,0
DA:153,0
DA:156,0
DA:159,0
DA:160,0
DA:161,0
DA:162,0
DA:166,0
DA:167,0
DA:168,0
DA:169,0
DA:170,0
DA:172,0
DA:176,0
DA:177,0
DA:178,0
DA:179,0
DA:180,0
DA:182,0
DA:185,0
DA:190,0
DA:192,0
DA:199,2
DA:200,0
DA:201,0
DA:202,0
DA:204,0
DA:206,0
DA:207,0
DA:208,0
DA:211,0
DA:213,0
DA:215,0
DA:219,2
LF:97
LH:10
BRDA:11,0,0,0
BRDA:11,0,1,0
BRDA:12,1,0,0
BRDA:12,1,1,0
BRDA:15,2,0,0
BRDA:15,2,1,0
BRDA:16,3,0,0
BRDA:16,3,1,0
BRDA:21,4,0,0
BRDA:21,4,1,0
BRDA:21,5,0,0
BRDA:21,5,1,0
BRDA:26,6,0,0
BRDA:26,6,1,0
BRDA:31,7,0,0
BRDA:31,7,1,0
BRDA:34,8,0,0
BRDA:34,8,1,0
BRDA:39,9,0,0
BRDA:39,9,1,0
BRDA:83,10,0,0
BRDA:83,10,1,0
BRDA:89,11,0,0
BRDA:89,11,1,0
BRDA:109,12,0,0
BRDA:109,12,1,0
BRDA:116,13,0,0
BRDA:116,13,1,0
BRDA:147,14,0,0
BRDA:147,14,1,0
BRDA:151,15,0,0
BRDA:151,15,1,0
BRDA:159,16,0,0
BRDA:159,16,1,0
BRDA:159,17,0,0
BRDA:159,17,1,0
BRDA:160,18,0,0
BRDA:160,18,1,0
BRDA:161,19,0,0
BRDA:161,19,1,0
BRDA:166,20,0,0
BRDA:166,20,1,0
BRDA:168,21,0,0
BRDA:168,21,1,0
BRDA:176,22,0,0
BRDA:176,22,1,0
BRDA:178,23,0,0
BRDA:178,23,1,0
BRDA:202,24,0,0
BRDA:202,24,1,0
BRDA:206,25,0,0
BRDA:206,25,1,0
BRF:52
BRH:0
end_of_record
TN:
SF:src\controllers\authController.js
FN:5,(anonymous_0)
FN:14,(anonymous_1)
FN:52,(anonymous_2)
FN:78,(anonymous_3)
FNF:4
FNH:3
FNDA:3,(anonymous_0)
FNDA:2,(anonymous_1)
FNDA:2,(anonymous_2)
FNDA:0,(anonymous_3)
DA:1,2
DA:2,2
DA:5,2
DA:6,3
DA:14,2
DA:15,2
DA:17,2
DA:18,2
DA:20,2
DA:21,0
DA:22,0
DA:25,2
DA:32,2
DA:33,2
DA:41,0
DA:42,0
DA:45,0
DA:52,2
DA:53,2
DA:55,2
DA:56,2
DA:58,2
DA:59,1
DA:67,1
DA:68,1
DA:71,0
DA:78,2
DA:79,0
DA:80,0
DA:82,0
DA:83,0
DA:90,0
DA:91,0
DA:94,0
DA:98,2
LF:35
LH:22
BRDA:6,0,0,3
BRDA:6,0,1,0
BRDA:20,1,0,0
BRDA:20,1,1,2
BRDA:29,2,0,2
BRDA:29,2,1,0
BRDA:32,3,0,2
BRDA:32,3,1,0
BRDA:58,4,0,1
BRDA:58,4,1,1
BRDA:58,5,0,2
BRDA:58,5,1,2
BRDA:82,6,0,0
BRDA:82,6,1,0
BRF:14
BRH:8
end_of_record
TN:
SF:src\controllers\doctorController.js
FN:7,(anonymous_0)
FN:54,(anonymous_1)
FN:75,(anonymous_2)
FN:96,(anonymous_3)
FN:122,(anonymous_4)
FNF:5
FNH:0
FNDA:0,(anonymous_0)
FNDA:0,(anonymous_1)
FNDA:0,(anonymous_2)
FNDA:0,(anonymous_3)
FNDA:0,(anonymous_4)
DA:1,2
DA:2,2
DA:7,2
DA:8,0
DA:9,0
DA:10,0
DA:11,0
DA:13,0
DA:14,0
DA:16,0
DA:17,0
DA:18,0
DA:19,0
DA:28,0
DA:29,0
DA:32,0
DA:33,0
DA:38,0
DA:47,0
DA:54,2
DA:55,0
DA:56,0
DA:57,0
DA:59,0
DA:61,0
DA:62,0
DA:63,0
DA:66,0
DA:68,0
DA:75,2
DA:76,0
DA:77,0
DA:79,0
DA:81,0
DA:87,0
DA:89,0
DA:96,2
DA:97,0
DA:98,0
DA:99,0
DA:101,0
DA:103,0
DA:104,0
DA:105,0
DA:108,0
DA:113,0
DA:115,0
DA:122,2
DA:123,0
DA:124,0
DA:125,0
DA:127,0
DA:129,0
DA:130,0
DA:131,0
DA:134,0
DA:136,0
DA:138,0
DA:142,2
LF:59
LH:8
BRDA:9,0,0,0
BRDA:9,0,1,0
BRDA:10,1,0,0
BRDA:10,1,1,0
BRDA:13,2,0,0
BRDA:13,2,1,0
BRDA:14,3,0,0
BRDA:14,3,1,0
BRDA:17,4,0,0
BRDA:17,4,1,0
BRDA:28,5,0,0
BRDA:28,5,1,0
BRDA:57,6,0,0
BRDA:57,6,1,0
BRDA:61,7,0,0
BRDA:61,7,1,0
BRDA:99,8,0,0
BRDA:99,8,1,0
BRDA:103,9,0,0
BRDA:103,9,1,0
BRDA:125,10,0,0
BRDA:125,10,1,0
BRDA:129,11,0,0
BRDA:129,11,1,0
BRF:24
BRH:0
end_of_record
TN:
SF:src\controllers\patientController.js
FN:7,(anonymous_0)
FN:55,(anonymous_1)
FN:77,(anonymous_2)
FN:101,(anonymous_3)
FN:127,(anonymous_4)
FNF:5
FNH:1
FNDA:0,(anonymous_0)
FNDA:0,(anonymous_1)
FNDA:2,(anonymous_2)
FNDA:0,(anonymous_3)
FNDA:0,(anonymous_4)
DA:1,2
DA:2,2
DA:7,2
DA:8,0
DA:9,0
DA:10,0
DA:11,0
DA:13,0
DA:14,0
DA:17,0
DA:18,0
DA:19,0
DA:20,0
DA:29,0
DA:30,0
DA:33,0
DA:34,0
DA:39,0
DA:48,0
DA:55,2
DA:56,0
DA:57,0
DA:59,0
DA:61,0
DA:63,0
DA:64,0
DA:65,0
DA:68,0
DA:70,0
DA:77,2
DA:78,2
DA:79,2
DA:82,2
DA:84,2
DA:92,1
DA:94,1
DA:101,2
DA:102,0
DA:103,0
DA:104,0
DA:106,0
DA:108,0
DA:109,0
DA:110,0
DA:113,0
DA:118,0
DA:120,0
DA:127,2
DA:128,0
DA:129,0
DA:130,0
DA:132,0
DA:134,0
DA:135,0
DA:136,0
DA:139,0
DA:141,0
DA:143,0
DA:147,2
LF:59
LH:14
BRDA:9,0,0,0
BRDA:9,0,1,0
BRDA:10,1,0,0
BRDA:10,1,1,0
BRDA:13,2,0,0
BRDA:13,2,1,0
BRDA:14,3,0,0
BRDA:14,3,1,0
BRDA:18,4,0,0
BRDA:18,4,1,0
BRDA:29,5,0,0
BRDA:29,5,1,0
BRDA:59,6,0,0
BRDA:59,6,1,0
BRDA:63,7,0,0
BRDA:63,7,1,0
BRDA:104,8,0,0
BRDA:104,8,1,0
BRDA:108,9,0,0
BRDA:108,9,1,0
BRDA:130,10,0,0
BRDA:130,10,1,0
BRDA:134,11,0,0
BRDA:134,11,1,0
BRF:24
BRH:0
end_of_record
TN:
SF:src\controllers\prescriptionController.js
FN:8,(anonymous_0)
FN:27,(anonymous_1)
FN:59,(anonymous_2)
FN:80,(anonymous_3)
FN:108,(anonymous_4)
FN:145,(anonymous_5)
FNF:6
FNH:0
FNDA:0,(anonymous_0)
FNDA:0,(anonymous_1)
FNDA:0,(anonymous_2)
FNDA:0,(anonymous_3)
FNDA:0,(anonymous_4)
FNDA:0,(anonymous_5)
DA:1,2
DA:2,2
DA:3,2
DA:8,2
DA:9,0
DA:10,0
DA:11,0
DA:12,0
DA:14,0
DA:15,0
DA:17,0
DA:19,0
DA:20,0
DA:23,0
DA:24,0
DA:26,0
DA:27,0
DA:29,0
DA:36,0
DA:37,0
DA:43,0
DA:52,0
DA:59,2
DA:60,0
DA:61,0
DA:62,0
DA:64,0
DA:66,0
DA:67,0
DA:68,0
DA:71,0
DA:73,0
DA:80,2
DA:81,0
DA:82,0
DA:84,0
DA:85,0
DA:86,0
DA:87,0
DA:90,0
DA:92,0
DA:99,0
DA:101,0
DA:108,2
DA:109,0
DA:110,0
DA:111,0
DA:113,0
DA:115,0
DA:116,0
DA:117,0
DA:120,0
DA:122,0
DA:123,0
DA:124,0
DA:125,0
DA:126,0
DA:128,0
DA:131,0
DA:136,0
DA:138,0
DA:145,2
DA:146,0
DA:147,0
DA:148,0
DA:150,0
DA:152,0
DA:153,0
DA:154,0
DA:157,0
DA:159,0
DA:161,0
DA:165,2
LF:73
LH:9
BRDA:10,0,0,0
BRDA:10,0,1,0
BRDA:11,1,0,0
BRDA:11,1,1,0
BRDA:14,2,0,0
BRDA:14,2,1,0
BRDA:15,3,0,0
BRDA:15,3,1,0
BRDA:19,4,0,0
BRDA:19,4,1,0
BRDA:23,5,0,0
BRDA:23,5,1,0
BRDA:62,6,0,0
BRDA:62,6,1,0
BRDA:66,7,0,0
BRDA:66,7,1,0
BRDA:85,8,0,0
BRDA:85,8,1,0
BRDA:111,9,0,0
BRDA:111,9,1,0
BRDA:115,10,0,0
BRDA:115,10,1,0
BRDA:122,11,0,0
BRDA:122,11,1,0
BRDA:124,12,0,0
BRDA:124,12,1,0
BRDA:148,13,0,0
BRDA:148,13,1,0
BRDA:152,14,0,0
BRDA:152,14,1,0
BRF:30
BRH:0
end_of_record
TN:
SF:src\middlewares\auth.js
FN:4,(anonymous_0)
FN:31,(anonymous_1)
FN:32,(anonymous_2)
FNF:3
FNH:3
FNDA:3,(anonymous_0)
FNDA:24,(anonymous_1)
FNDA:2,(anonymous_2)
DA:1,2
DA:2,2
DA:4,2
DA:7,3
DA:11,2
DA:12,2
DA:13,2
DA:15,2
DA:16,2
DA:17,0
DA:19,2
DA:21,0
DA:22,0
DA:26,1
DA:27,1
DA:31,2
DA:32,24
DA:33,2
DA:34,0
DA:38,2
DA:42,2
LF:21
LH:17
BRDA:7,0,0,2
BRDA:7,0,1,1
BRDA:8,1,0,3
BRDA:8,1,1,2
BRDA:13,2,0,2
BRDA:13,2,1,0
BRDA:16,3,0,0
BRDA:16,3,1,2
BRDA:26,4,0,1
BRDA:26,4,1,0
BRDA:33,5,0,0
BRDA:33,5,1,2
BRDA:33,6,0,2
BRDA:33,6,1,2
BRDA:35,7,0,0
BRDA:35,7,1,0
BRF:16
BRH:10
end_of_record
TN:
SF:src\middlewares\errorHandler.js
FN:1,(anonymous_0)
FN:10,(anonymous_1)
FNF:2
FNH:2
FNDA:2,(anonymous_0)
FNDA:1,(anonymous_1)
DA:1,2
DA:2,2
DA:4,2
DA:5,2
DA:8,2
DA:9,1
DA:10,1
DA:14,2
DA:15,0
DA:16,0
DA:20,2
DA:21,0
DA:22,0
DA:25,2
DA:31,2
LF:15
LH:11
BRDA:4,0,0,1
BRDA:4,0,1,1
BRDA:8,1,0,1
BRDA:8,1,1,1
BRDA:14,2,0,0
BRDA:14,2,1,2
BRDA:20,3,0,0
BRDA:20,3,1,2
BRDA:27,4,0,0
BRDA:27,4,1,2
BRF:10
BRH:7
end_of_record
TN:
SF:src\models\appointment.js
FNF:0
FNH:0
DA:1,2
DA:3,2
DA:15,2
DA:16,2
DA:17,2
DA:18,2
DA:19,2
DA:21,2
LF:8
LH:8
BRF:0
BRH:0
end_of_record
TN:
SF:src\models\doctor.js
FNF:0
FNH:0
DA:1,2
DA:3,2
DA:10,2
DA:11,2
DA:13,2
LF:5
LH:5
BRF:0
BRH:0
end_of_record
TN:
SF:src\models\patient.js
FNF:0
FNH:0
DA:3,2
DA:5,2
DA:18,2
DA:19,2
DA:21,2
LF:5
LH:5
BRF:0
BRH:0
end_of_record
TN:
SF:src\models\prescription.js
FNF:0
FNH:0
DA:1,2
DA:3,2
DA:11,2
DA:12,2
DA:13,2
DA:15,2
LF:6
LH:6
BRF:0
BRH:0
end_of_record
TN:
SF:src\models\user.js
FN:12,(anonymous_0)
FN:24,(anonymous_1)
FNF:2
FNH:2
FNDA:2,(anonymous_0)
FNDA:2,(anonymous_1)
DA:1,2
DA:2,2
DA:4,2
DA:12,2
DA:13,2
DA:14,2
DA:15,2
DA:16,2
DA:17,2
DA:19,0
DA:24,2
DA:25,2
DA:28,2
LF:13
LH:12
BRDA:13,0,0,0
BRDA:13,0,1,2
BRF:2
BRH:1
end_of_record
TN:
SF:src\routes\appointments.js
FNF:0
FNH:0
DA:1,2
DA:2,2
DA:9,2
DA:10,2
DA:12,2
DA:14,2
DA:18,2
DA:23,2
LF:8
LH:8
BRF:0
BRH:0
end_of_record
TN:
SF:src\routes\auth.js
FNF:0
FNH:0
DA:1,2
DA:2,2
DA:3,2
DA:4,2
DA:6,2
DA:7,2
DA:8,2
DA:10,2
LF:8
LH:8
BRF:0
BRH:0
end_of_record
TN:
SF:src\routes\doctors.js
FNF:0
FNH:0
DA:1,2
DA:2,2
DA:9,2
DA:10,2
DA:12,2
DA:14,2
DA:18,2
DA:23,2
LF:8
LH:8
BRF:0
BRH:0
end_of_record
TN:
SF:src\routes\patients.js
FNF:0
FNH:0
DA:1,2
DA:2,2
DA:9,2
DA:10,2
DA:12,2
DA:14,2
DA:18,2
DA:23,2
LF:8
LH:8
BRF:0
BRH:0
end_of_record
TN:
SF:src\routes\prescriptions.js
FNF:0
FNH:0
DA:1,2
DA:2,2
DA:9,2
DA:10,2
DA:12,2
DA:14,2
DA:18,2
DA:23,2
LF:8
LH:8
BRF:0
BRH:0
end_of_record
TN:
SF:src\utils\idGenerator.js
FN:15,getNextId
FNF:1
FNH:1
FNDA:2,getNextId
DA:1,2
DA:2,2
DA:3,2
DA:4,2
DA:16,2
DA:17,2
DA:19,2
DA:46,2
DA:47,2
DA:48,2
DA:52,2
DA:53,2
DA:55,0
DA:56,0
DA:60,2
LF:15
LH:13
BRDA:47,0,0,2
BRDA:47,0,1,0
BRDA:47,1,0,2
BRDA:47,1,1,2
BRDA:47,1,2,2
BRF:5
BRH:4
end_of_record
